2026-04-30 11:04:02.571 | INFO     | db_manager:__init__:49 - 数据库路径: data/xianyu_data.db
2026-04-30 11:04:02.589 | INFO     | db_manager:__init__:63 - SQL日志已启用，日志级别: INFO
2026-04-30 11:04:02.600 | INFO     | db_manager:_log_sql:1394 - 🗄️ SQL EXECUTE: SELECT is_bargain FROM orders LIMIT 1
2026-04-30 11:04:02.600 | INFO     | db_manager:_log_sql:1394 - 🗄️ SQL EXECUTE: SELECT receiver_name FROM orders LIMIT 1
2026-04-30 11:04:02.600 | INFO     | db_manager:_log_sql:1394 - 🗄️ SQL EXECUTE: SELECT receiver_city FROM orders LIMIT 1
2026-04-30 11:04:02.600 | INFO     | db_manager:_log_sql:1394 - 🗄️ SQL EXECUTE: SELECT version FROM orders LIMIT 1
2026-04-30 11:04:02.604 | INFO     | db_manager:_log_sql:1394 - 🗄️ SQL EXECUTE: SELECT chat_id FROM orders LIMIT 1
2026-04-30 11:04:02.604 | INFO     | db_manager:_log_sql:1394 - 🗄️ SQL EXECUTE: SELECT user_id FROM cards LIMIT 1
2026-04-30 11:04:02.604 | INFO     | db_manager:_log_sql:1394 - 🗄️ SQL EXECUTE: SELECT delay_seconds FROM cards LIMIT 1
2026-04-30 11:04:02.604 | INFO     | db_manager:_log_sql:1394 - 🗄️ SQL EXECUTE: SELECT item_id FROM keywords LIMIT 1
2026-04-30 11:04:02.604 | INFO     | db_manager:_log_sql:1394 - 🗄️ SQL EXECUTE: SELECT multi_quantity_delivery FROM item_info LIMIT 1
2026-04-30 11:04:02.608 | INFO     | db_manager:_log_sql:1394 - 🗄️ SQL EXECUTE: SELECT value FROM system_settings WHERE key = ? | 参数: ['db_version']
2026-04-30 11:04:02.608 | INFO     | db_manager:check_and_upgrade_db:780 - 当前数据库版本: 1.5
2026-04-30 11:04:02.608 | INFO     | db_manager:migrate_legacy_data:1220 - 开始检查和迁移遗留数据...
2026-04-30 11:04:02.608 | INFO     | db_manager:migrate_legacy_data:1236 - 遗留数据迁移完成
2026-04-30 11:04:02.608 | INFO     | db_manager:_update_cards_table_constraints:716 - cards表约束检查通过，支持image类型
2026-04-30 11:04:02.608 | WARNING  | db_manager:_create_indexes:704 - 创建索引时出现警告: no such column: id
2026-04-30 11:04:02.609 | INFO     | db_manager:init_db:632 - 数据库初始化完成
2026-04-30 11:04:02.622 | INFO     | file_log_collector:setup_loguru_file_output:73 - 文件日志收集器已启动
2026-04-30 11:04:02.622 | INFO     | __main__:main:645 - 文件日志收集器已启动，开始收集实时日志
2026-04-30 11:04:02.622 | INFO     | db_manager:_log_sql:1394 - 🗄️ SQL EXECUTE: SELECT id, value FROM cookies
2026-04-30 11:04:02.622 | INFO     | db_manager:_log_sql:1394 - 🗄️ SQL EXECUTE: SELECT cookie_id, keyword, reply FROM keywords
2026-04-30 11:04:02.622 | INFO     | db_manager:_log_sql:1394 - 🗄️ SQL EXECUTE: SELECT auto_confirm FROM cookies WHERE id = ? | 参数: ['2216699866542']
2026-04-30 11:04:02.622 | INFO     | cookie_manager:_load_from_db:40 - 从数据库加载了 1 个Cookie、0 组关键字、2 个状态记录和 1 个自动确认设置
2026-04-30 11:04:02.622 | INFO     | __main__:main:702 - 正在获取Cookie详细信息: 2216699866542
2026-04-30 11:04:02.622 | INFO     | db_manager:_log_sql:1394 - 🗄️ SQL EXECUTE: SELECT id, value, user_id, auto_confirm, remark, pause_duration, username, password, show_browser, created_at FROM cookies WHERE id = ? | 参数: ['2216699866542']
2026-04-30 11:04:02.633 | INFO     | __main__:main:705 - Cookie详细信息获取成功: 2216699866542, user_id: 1
2026-04-30 11:04:02.633 | INFO     | __main__:main:707 - 正在创建异步任务: 2216699866542
2026-04-30 11:04:02.633 | INFO     | __main__:main:710 - 启动数据库中的 Cookie 任务: 2216699866542 (用户ID: 1)
2026-04-30 11:04:02.633 | INFO     | __main__:main:711 - 任务已添加到管理器，当前任务数: 1
2026-04-30 11:04:02.635 | INFO     | __main__:_start_api_server:594 - 启动Web服务器: http://0.0.0.0:8080
2026-04-30 11:04:02.635 | INFO     | cookie_manager:_run_xianyu:62 - 【2216699866542】_run_xianyu方法开始执行...
2026-04-30 11:04:02.635 | INFO     | cookie_manager:_run_xianyu:65 - 【2216699866542】正在导入XianyuLive...
2026-04-30 11:04:03.275 | INFO     | utils.xianyu_utils:<module>:27 - 可用的JavaScript运行时: <module 'execjs.runtime_names' from 'E:\\xianyu-super-butler\\myenv\\Lib\\site-packages\\execjs\\runtime_names.py'>
2026-04-30 11:04:03.275 | INFO     | utils.xianyu_utils:<module>:31 - 当前JavaScript运行时: Node.js (V8)
2026-04-30 11:04:03.277 | INFO     | utils.xianyu_utils:<module>:34 - JavaScript文件加载成功
INFO:     Started server process [5196]
INFO:     Waiting for application startup.
INFO:     Application startup complete.
INFO:     Uvicorn running on http://0.0.0.0:8080 (Press CTRL+C to quit)
Task exception was never retrieved
future: <Task finished name='Task-448' coro=<XianyuLive.delivery_retry_loop() done, defined at E:\xianyu-super-butler\XianyuAutoAsync.py:4519> exception=AttributeError("'XianyuLive' object has no attribute '_running'")>
Traceback (most recent call last):
  File "E:\xianyu-super-butler\XianyuAutoAsync.py", line 4524, in delivery_retry_loop
    while self._running:
          ^^^^^^^^^^^^^
AttributeError: 'XianyuLive' object has no attribute '_running'
Task exception was never retrieved
future: <Task finished name='Task-449' coro=<XianyuLive.item_schedule_loop() done, defined at E:\xianyu-super-butler\XianyuAutoAsync.py:4427> exception=AttributeError("'XianyuLive' object has no attribute '_running'")>
Traceback (most recent call last):
  File "E:\xianyu-super-butler\XianyuAutoAsync.py", line 4431, in item_schedule_loop
    while self._running:
          ^^^^^^^^^^^^^
AttributeError: 'XianyuLive' object has no attribute '_running'
Future exception was never retrieved
future: <Future finished exception=TargetClosedError('Target page, context or browser has been closed')>
playwright._impl._errors.TargetClosedError: Target page, context or browser has been closed
Task exception was never retrieved
future: <Task finished name='Task-27' coro=<XianyuLive.delivery_retry_loop() done, defined at E:\xianyu-super-butler\XianyuAutoAsync.py:4519> exception=AttributeError("'XianyuLive' object has no attribute '_running'")>
Traceback (most recent call last):
  File "E:\xianyu-super-butler\XianyuAutoAsync.py", line 4524, in delivery_retry_loop
    while self._running:
          ^^^^^^^^^^^^^
AttributeError: 'XianyuLive' object has no attribute '_running'
Task exception was never retrieved
future: <Task finished name='Task-28' coro=<XianyuLive.item_schedule_loop() done, defined at E:\xianyu-super-butler\XianyuAutoAsync.py:4427> exception=AttributeError("'XianyuLive' object has no attribute '_running'")>
Traceback (most recent call last):
  File "E:\xianyu-super-butler\XianyuAutoAsync.py", line 4431, in item_schedule_loop
    while self._running:
          ^^^^^^^^^^^^^
AttributeError: 'XianyuLive' object has no attribute '_running'
Task exception was never retrieved
future: <Task finished name='Task-2936' coro=<Connection.run() done, defined at E:\xianyu-super-butler\myenv\Lib\site-packages\playwright\_impl\_connection.py:305> exception=OSError(22, '页面文件太小，无法完成操作。', None, 1455, None)>
Traceback (most recent call last):
  File "E:\xianyu-super-butler\myenv\Lib\site-packages\playwright\_impl\_connection.py", line 312, in run
    await self._transport.connect()
  File "E:\xianyu-super-butler\myenv\Lib\site-packages\playwright\_impl\_transport.py", line 133, in connect
    raise exc
  File "E:\xianyu-super-butler\myenv\Lib\site-packages\playwright\_impl\_transport.py", line 120, in connect
    self._proc = await asyncio.create_subprocess_exec(
                 ^^^^^^^^^^^^^^^^^^^^^^^^^^^^^^^^^^^^^
  File "C:\Users\tong'tong\AppData\Local\Programs\Python\Python311\Lib\asyncio\subprocess.py", line 223, in create_subprocess_exec
    transport, protocol = await loop.subprocess_exec(
                          ^^^^^^^^^^^^^^^^^^^^^^^^^^^
  File "C:\Users\tong'tong\AppData\Local\Programs\Python\Python311\Lib\asyncio\base_events.py", line 1708, in subprocess_exec
    transport = await self._make_subprocess_transport(
                ^^^^^^^^^^^^^^^^^^^^^^^^^^^^^^^^^^^^^^
  File "C:\Users\tong'tong\AppData\Local\Programs\Python\Python311\Lib\asyncio\windows_events.py", line 399, in _make_subprocess_transport
    transp = _WindowsSubprocessTransport(self, protocol, args, shell,
             ^^^^^^^^^^^^^^^^^^^^^^^^^^^^^^^^^^^^^^^^^^^^^^^^^^^^^^^^
  File "C:\Users\tong'tong\AppData\Local\Programs\Python\Python311\Lib\asyncio\base_subprocess.py", line 36, in __init__
    self._start(args=args, shell=shell, stdin=stdin, stdout=stdout,
  File "C:\Users\tong'tong\AppData\Local\Programs\Python\Python311\Lib\asyncio\windows_events.py", line 929, in _start
    self._proc = windows_utils.Popen(
                 ^^^^^^^^^^^^^^^^^^^^
  File "C:\Users\tong'tong\AppData\Local\Programs\Python\Python311\Lib\asyncio\windows_utils.py", line 153, in __init__
    super().__init__(args, stdin=stdin_rfd, stdout=stdout_wfd,
  File "C:\Users\tong'tong\AppData\Local\Programs\Python\Python311\Lib\subprocess.py", line 1026, in __init__
    self._execute_child(args, executable, preexec_fn, close_fds,
  File "C:\Users\tong'tong\AppData\Local\Programs\Python\Python311\Lib\subprocess.py", line 1538, in _execute_child
    hp, ht, pid, tid = _winapi.CreateProcess(executable, args,
                       ^^^^^^^^^^^^^^^^^^^^^^^^^^^^^^^^^^^^^^^
OSError: [WinError 1455] 页面文件太小，无法完成操作。
