[OK] Python 3.11.9 - 版本满足要求
检查数据库文件位置...
[OK] 数据库文件检查完成
检查Playwright浏览器...
[OK] Playwright浏览器已安装（通过API检测）
[INFO] --quick 模式，跳过前端构建检查
[INFO] 系统资源: CPU 1.7%, 可用内存 6.2GB / 15.3GB
[INFO] 已将当前进程优先级设为'低于正常'，减少对系统的影响
开始启动主程序...
初始化文件日志收集器...
创建 CookieManager...
CookieManager 创建完成
启动 API 服务线程...
API 服务线程已启动
等待 API 服务就绪...
INFO:     127.0.0.1:53634 - "GET /api/feishu/command?challenge=ping HTTP/1.1" 200 OK
=======================================================
  闲鱼超级管家 启动成功!
  本地访问: http://127.0.0.1:8000
  局域网访问: http://192.168.0.101:8000
  默认管理员: admin
  按 Ctrl+C 停止服务
=======================================================
[1/3] 正在启动账号: 2216699866542...
[OK] 账号 2216699866542 已启动 (用户ID: 1), 当前任务数: 1
等待 8 秒后再启动下一个账号...
2026-05-07 01:59:34.610 | INFO     | cookie_manager:_run_xianyu:71 - 【2216699866542】XianyuLive导入成功
2026-05-07 01:59:34.610 | INFO     | cookie_manager:_run_xianyu:73 - 【2216699866542】开始创建XianyuLive实例...
2026-05-07 01:59:34.610 | INFO     | cookie_manager:_run_xianyu:74 - 【2216699866542】Cookie值长度: 1491
2026-05-07 01:59:34.610 | INFO     | XianyuAutoAsync:__init__:680 - 【2216699866542】开始初始化XianyuLive...
2026-05-07 01:59:34.610 | INFO     | XianyuAutoAsync:__init__:687 - 【2216699866542】解析cookies...
2026-05-07 01:59:34.610 | INFO     | XianyuAutoAsync:__init__:689 - 【2216699866542】cookies解析完成，包含字段: ['cookie2', 'XSRF-TOKEN', '_samesite_flag_', 'sgcookie', 'tracknick', 'csg', 't', '_tb_token_', 'unb', 'mtop_partitioned_detect', '_m_h5_tk', '_m_h5_tk_enc', 'sca', 'cna', 'x5sectag', 'atpsida', 'xlly_s', 'tfstk', 'x5secdata', 'x5sec']
2026-05-07 01:59:34.610 | INFO     | XianyuAutoAsync:__init__:700 - 【2216699866542】用户ID: 2216699866542
2026-05-07 01:59:34.618 | INFO     | order_status_handler:__init__:79 - 订单状态处理器初始化完成，配置: {'use_pending_queue': True, 'strict_validation': True, 'log_level': 'info', 'max_pending_age_hours': 24, 'enable_status_logging': True}
2026-05-07 01:59:34.618 | INFO     | xianyu_mixins.order_mixin:_init_order_status_handler:22 - 【2216699866542】订单状态处理器已启用
2026-05-07 01:59:34.619 | WARNING  | XianyuAutoAsync:_register_instance:831 - 【2216699866542】实例已注册到全局字典
2026-05-07 01:59:34.619 | INFO     | cookie_manager:_run_xianyu:76 - 【2216699866542】XianyuLive实例创建成功，开始调用main()...
2026-05-07 01:59:34.619 | INFO     | xianyu_mixins.reply_mixin:main:774 - 【2216699866542】开始启动XianyuLive主程序...
2026-05-07 01:59:34.619 | INFO     | xianyu_mixins.reply_mixin:main:776 - 【2216699866542】Session创建完成，开始WebSocket连接循环...
2026-05-07 01:59:34.619 | DEBUG    | xianyu_mixins.connection_mixin:_set_connection_state:34 - [2216699866542] 连接状态: disconnected -> connecting, 原因: 准备建立WebSocket连接
2026-05-07 01:59:34.619 | INFO     | xianyu_mixins.reply_mixin:main:791 - 【2216699866542】WebSocket目标地址: wss://wss-goofish.dingtalk.com/
2026-05-07 01:59:34.619 | WARNING  | xianyu_mixins.connection_mixin:_create_websocket_connection:41 - websockets库版本: 12.0
2026-05-07 01:59:35.204 | INFO     | xianyu_mixins.reply_mixin:main:796 - 【2216699866542】WebSocket连接建立成功，开始初始化...
2026-05-07 01:59:35.204 | INFO     | XianyuAutoAsync:init:3053 - 【2216699866542】获取初始token...
2026-05-07 01:59:35.204 | INFO     | XianyuAutoAsync:refresh_token:1005 - 【2216699866542】开始刷新token... (滑块验证重试次数: 0)
2026-05-07 01:59:35.204 | INFO     | XianyuAutoAsync:refresh_token:1035 - 【2216699866542】开始执行Cookie刷新任务...
2026-05-07 01:59:35.209 | WARNING  | utils.crypto:decrypt_value:86 - 解密失败，返回原始数据（可能是未加密的历史数据）
2026-05-07 01:59:35.209 | INFO     | XianyuAutoAsync:refresh_token:1108 - 【2216699866542】正在刷新token... (API: https://h5api.m.goofish.com/h5/mtop.taobao.idlemessage.pc.login.token/1.0/, cookie长度: 1491)
2026-05-07 01:59:35.764 | DEBUG    | XianyuAutoAsync:refresh_token:1119 - 【2216699866542】Token刷新响应: 状态码=200, 内容={"api": "mtop.taobao.idlemessage.pc.login.token", "data": {}, "ret": ["FAIL_SYS_SESSION_EXPIRED::Session过期"], "v": "1.0"}
2026-05-07 01:59:35.764 | INFO     | XianyuAutoAsync:_try_password_login_refresh:1577 - 【2216699866542】开始尝试密码登录刷新，触发原因: 令牌/Session过期
2026-05-07 01:59:35.764 | WARNING  | utils.crypto:decrypt_value:86 - 解密失败，返回原始数据（可能是未加密的历史数据）
2026-05-07 01:59:35.764 | INFO     | XianyuAutoAsync:_try_password_login_refresh:1592 - 【2216699866542】使用账号 admin 进行密码登录刷新 (show_browser=False)
2026-05-07 01:59:35.790 | INFO     | utils.xianyu_slider_stealth:__init__:56 - 滑块验证并发管理器初始化: 最大并发数=3, 等待超时=60秒
2026-05-07 01:59:35.790 | INFO     | utils.xianyu_slider_stealth:_load_stats:180 - 已加载历史策略统计数据: trajectory_history/strategy_stats.json
2026-05-07 01:59:35.805 | INFO     | utils.xianyu_slider_stealth:__init__:171 - 策略统计管理器初始化完成
2026-05-07 01:59:35.805 | DEBUG    | utils.xianyu_slider_stealth:__init__:264 - 【2216699866542】创建临时目录: C:\Users\TONG'T~1\AppData\Local\Temp\slider_2216699866542_9vx71inv
2026-05-07 01:59:35.805 | INFO     | utils.xianyu_slider_stealth:__init__:267 - 【2216699866542】检查并发限制...
2026-05-07 01:59:35.809 | INFO     | utils.xianyu_slider_stealth:__init__:276 - 【2216699866542】实例已注册，当前并发: 1/3
2026-05-07 01:59:35.809 | INFO     | utils.xianyu_slider_stealth:login_with_password_playwright:3045 - 【2216699866542】开始无头模式密码登录流程（使用Playwright）...
2026-05-07 01:59:35.809 | INFO     | utils.xianyu_slider_stealth:login_with_password_playwright:3046 - 【2216699866542】账号: admin
2026-05-07 01:59:35.809 | INFO     | utils.xianyu_slider_stealth:login_with_password_playwright:3047 - ============================================================
2026-05-07 01:59:35.811 | INFO     | utils.xianyu_slider_stealth:login_with_password_playwright:3053 - 【2216699866542】使用用户数据目录: E:\xianyu-super-butler\browser_data\user_2216699866542
2026-05-07 01:59:36.421 | INFO     | utils.xianyu_slider_stealth:login_with_password_playwright:3108 - 【2216699866542】已设置浏览器语言为中文（zh-CN）
2026-05-07 01:59:36.457 | INFO     | utils.xianyu_slider_stealth:login_with_password_playwright:3112 - 【2216699866542】浏览器已成功启动（无头模式）
2026-05-07 01:59:36.457 | INFO     | utils.xianyu_slider_stealth:login_with_password_playwright:3117 - 【2216699866542】访问登录页面: https://www.goofish.com/im
[2/3] 正在启动账号: 2221935413604...
2026-05-07 01:59:42.559 | WARNING  | utils.crypto:decrypt_value:86 - 解密失败，返回原始数据（可能是未加密的历史数据）
[OK] 账号 2221935413604 已启动 (用户ID: 1), 当前任务数: 2
等待 8 秒后再启动下一个账号...
2026-05-07 01:59:42.561 | INFO     | cookie_manager:_run_xianyu:66 - 【2221935413604】_run_xianyu方法开始执行...
2026-05-07 01:59:42.561 | INFO     | cookie_manager:_run_xianyu:69 - 【2221935413604】正在导入XianyuLive...
2026-05-07 01:59:42.561 | INFO     | cookie_manager:_run_xianyu:71 - 【2221935413604】XianyuLive导入成功
2026-05-07 01:59:42.561 | INFO     | cookie_manager:_run_xianyu:73 - 【2221935413604】开始创建XianyuLive实例...
2026-05-07 01:59:42.561 | INFO     | cookie_manager:_run_xianyu:74 - 【2221935413604】Cookie值长度: 1599
2026-05-07 01:59:42.561 | INFO     | XianyuAutoAsync:__init__:680 - 【2221935413604】开始初始化XianyuLive...
2026-05-07 01:59:42.562 | INFO     | XianyuAutoAsync:__init__:687 - 【2221935413604】解析cookies...
2026-05-07 01:59:42.562 | INFO     | XianyuAutoAsync:__init__:689 - 【2221935413604】cookies解析完成，包含字段: ['cookie2', 'XSRF-TOKEN', '_samesite_flag_', 'sgcookie', 'tracknick', 'csg', 't', '_tb_token_', 'unb', 'mtop_partitioned_detect', '_m_h5_tk', '_m_h5_tk_enc', 'sca', 'cna', 'x5sectag', 'xlly_s', 'atpsida', 'tfstk', 'x5secdata', 'x5sec', 'arms_uid', 'bx-cookie-test', 'cbc']
2026-05-07 01:59:42.562 | INFO     | XianyuAutoAsync:__init__:700 - 【2221935413604】用户ID: 2221935413604
2026-05-07 01:59:42.562 | INFO     | xianyu_mixins.order_mixin:_init_order_status_handler:22 - 【2221935413604】订单状态处理器已启用
2026-05-07 01:59:42.562 | WARNING  | XianyuAutoAsync:_register_instance:831 - 【2221935413604】实例已注册到全局字典
2026-05-07 01:59:42.563 | INFO     | cookie_manager:_run_xianyu:76 - 【2221935413604】XianyuLive实例创建成功，开始调用main()...
2026-05-07 01:59:42.563 | INFO     | xianyu_mixins.reply_mixin:main:774 - 【2221935413604】开始启动XianyuLive主程序...
2026-05-07 01:59:42.563 | INFO     | xianyu_mixins.reply_mixin:main:776 - 【2221935413604】Session创建完成，开始WebSocket连接循环...
2026-05-07 01:59:42.564 | DEBUG    | xianyu_mixins.connection_mixin:_set_connection_state:34 - [2221935413604] 连接状态: disconnected -> connecting, 原因: 准备建立WebSocket连接
2026-05-07 01:59:42.565 | INFO     | xianyu_mixins.reply_mixin:main:791 - 【2221935413604】WebSocket目标地址: wss://wss-goofish.dingtalk.com/
2026-05-07 01:59:42.566 | WARNING  | xianyu_mixins.connection_mixin:_create_websocket_connection:41 - websockets库版本: 12.0
2026-05-07 01:59:43.060 | INFO     | xianyu_mixins.reply_mixin:main:796 - 【2221935413604】WebSocket连接建立成功，开始初始化...
2026-05-07 01:59:43.060 | INFO     | XianyuAutoAsync:init:3053 - 【2221935413604】获取初始token...
2026-05-07 01:59:43.061 | INFO     | XianyuAutoAsync:refresh_token:1005 - 【2221935413604】开始刷新token... (滑块验证重试次数: 0)
2026-05-07 01:59:43.061 | INFO     | XianyuAutoAsync:refresh_token:1035 - 【2221935413604】开始执行Cookie刷新任务...
2026-05-07 01:59:43.061 | WARNING  | utils.crypto:decrypt_value:86 - 解密失败，返回原始数据（可能是未加密的历史数据）
2026-05-07 01:59:43.061 | INFO     | XianyuAutoAsync:refresh_token:1108 - 【2221935413604】正在刷新token... (API: https://h5api.m.goofish.com/h5/mtop.taobao.idlemessage.pc.login.token/1.0/, cookie长度: 1599)
2026-05-07 01:59:43.525 | DEBUG    | XianyuAutoAsync:refresh_token:1119 - 【2221935413604】Token刷新响应: 状态码=200, 内容={"api": "mtop.taobao.idlemessage.pc.login.token", "data": {}, "ret": ["FAIL_SYS_SESSION_EXPIRED::Session过期"], "v": "1.0"}
2026-05-07 01:59:43.527 | INFO     | XianyuAutoAsync:_try_password_login_refresh:1577 - 【2221935413604】开始尝试密码登录刷新，触发原因: 令牌/Session过期
2026-05-07 01:59:43.528 | WARNING  | utils.crypto:decrypt_value:86 - 解密失败，返回原始数据（可能是未加密的历史数据）
2026-05-07 01:59:43.528 | INFO     | XianyuAutoAsync:_try_password_login_refresh:1592 - 【2221935413604】使用账号 admin 进行密码登录刷新 (show_browser=False)
2026-05-07 01:59:43.529 | DEBUG    | utils.xianyu_slider_stealth:__init__:264 - 【2221935413604】创建临时目录: C:\Users\TONG'T~1\AppData\Local\Temp\slider_2221935413604_oyxog4vo
2026-05-07 01:59:43.530 | INFO     | utils.xianyu_slider_stealth:__init__:267 - 【2221935413604】检查并发限制...
2026-05-07 01:59:43.530 | INFO     | utils.xianyu_slider_stealth:__init__:276 - 【2221935413604】实例已注册，当前并发: 2/3
2026-05-07 01:59:43.530 | INFO     | utils.xianyu_slider_stealth:login_with_password_playwright:3045 - 【2221935413604】开始无头模式密码登录流程（使用Playwright）...
2026-05-07 01:59:43.530 | INFO     | utils.xianyu_slider_stealth:login_with_password_playwright:3046 - 【2221935413604】账号: admin
2026-05-07 01:59:43.530 | INFO     | utils.xianyu_slider_stealth:login_with_password_playwright:3047 - ============================================================
2026-05-07 01:59:43.531 | INFO     | utils.xianyu_slider_stealth:login_with_password_playwright:3053 - 【2221935413604】使用用户数据目录: E:\xianyu-super-butler\browser_data\user_2221935413604
2026-05-07 01:59:43.591 | INFO     | utils.xianyu_slider_stealth:login_with_password_playwright:3122 - 【2216699866542】等待页面加载（2秒）...
2026-05-07 01:59:44.011 | INFO     | utils.xianyu_slider_stealth:login_with_password_playwright:3108 - 【2221935413604】已设置浏览器语言为中文（zh-CN）
2026-05-07 01:59:44.054 | INFO     | utils.xianyu_slider_stealth:login_with_password_playwright:3112 - 【2221935413604】浏览器已成功启动（无头模式）
2026-05-07 01:59:44.054 | INFO     | utils.xianyu_slider_stealth:login_with_password_playwright:3117 - 【2221935413604】访问登录页面: https://www.goofish.com/im
2026-05-07 01:59:45.592 | INFO     | utils.xianyu_slider_stealth:login_with_password_playwright:3126 - 【2216699866542】========== 页面诊断信息 ==========
2026-05-07 01:59:45.592 | INFO     | utils.xianyu_slider_stealth:login_with_password_playwright:3127 - 【2216699866542】当前URL: https://www.goofish.com/im
2026-05-07 01:59:45.601 | INFO     | utils.xianyu_slider_stealth:login_with_password_playwright:3128 - 【2216699866542】页面标题: 聊天_闲鱼
2026-05-07 01:59:45.603 | INFO     | utils.xianyu_slider_stealth:login_with_password_playwright:3129 - 【2216699866542】=====================================
2026-05-07 01:59:45.604 | INFO     | utils.xianyu_slider_stealth:login_with_password_playwright:3132 - 【2216699866542】查找登录frame...
2026-05-07 01:59:45.604 | INFO     | utils.xianyu_slider_stealth:login_with_password_playwright:3137 - 【2216699866542】等待页面和iframe加载...
2026-05-07 01:59:46.604 | INFO     | utils.xianyu_slider_stealth:login_with_password_playwright:3141 - 【2216699866542】在主页面查找登录表单...
2026-05-07 01:59:46.645 | INFO     | utils.xianyu_slider_stealth:login_with_password_playwright:3165 - 【2216699866542】找到 2 个 iframe
2026-05-07 01:59:49.681 | DEBUG    | utils.xianyu_slider_stealth:login_with_password_playwright:3200 - 【2216699866542】Frame 0 未找到登录表单
[3/3] 正在启动账号: 2220946115835...
2026-05-07 01:59:50.571 | WARNING  | utils.crypto:decrypt_value:86 - 解密失败，返回原始数据（可能是未加密的历史数据）
[OK] 账号 2220946115835 已启动 (用户ID: 1), 当前任务数: 3
[OK] 账号启动完毕: 3 个运行中
2026-05-07 01:59:50.573 | INFO     | cookie_manager:_run_xianyu:66 - 【2220946115835】_run_xianyu方法开始执行...
2026-05-07 01:59:50.573 | INFO     | cookie_manager:_run_xianyu:69 - 【2220946115835】正在导入XianyuLive...
2026-05-07 01:59:50.573 | INFO     | cookie_manager:_run_xianyu:71 - 【2220946115835】XianyuLive导入成功
2026-05-07 01:59:50.574 | INFO     | cookie_manager:_run_xianyu:73 - 【2220946115835】开始创建XianyuLive实例...
2026-05-07 01:59:50.574 | INFO     | cookie_manager:_run_xianyu:74 - 【2220946115835】Cookie值长度: 1639
2026-05-07 01:59:50.574 | INFO     | XianyuAutoAsync:__init__:680 - 【2220946115835】开始初始化XianyuLive...
2026-05-07 01:59:50.576 | INFO     | XianyuAutoAsync:__init__:687 - 【2220946115835】解析cookies...
2026-05-07 01:59:50.576 | INFO     | XianyuAutoAsync:__init__:689 - 【2220946115835】cookies解析完成，包含字段: ['cookie2', 'XSRF-TOKEN', '_samesite_flag_', 'sgcookie', 'tracknick', 'csg', 't', '_tb_token_', 'unb', 'x5secdata', 'x5sectag', 'x5sec', 'mtop_partitioned_detect', '_m_h5_tk', '_m_h5_tk_enc', 'cna', 'sca', 'xlly_s', 'atpsida', 'tfstk', 'arms_uid', 'cbc']
2026-05-07 01:59:50.576 | INFO     | XianyuAutoAsync:__init__:700 - 【2220946115835】用户ID: 2220946115835
2026-05-07 01:59:50.577 | INFO     | xianyu_mixins.order_mixin:_init_order_status_handler:22 - 【2220946115835】订单状态处理器已启用
2026-05-07 01:59:50.577 | WARNING  | XianyuAutoAsync:_register_instance:831 - 【2220946115835】实例已注册到全局字典
2026-05-07 01:59:50.578 | INFO     | cookie_manager:_run_xianyu:76 - 【2220946115835】XianyuLive实例创建成功，开始调用main()...
2026-05-07 01:59:50.578 | INFO     | xianyu_mixins.reply_mixin:main:774 - 【2220946115835】开始启动XianyuLive主程序...
2026-05-07 01:59:50.579 | INFO     | xianyu_mixins.reply_mixin:main:776 - 【2220946115835】Session创建完成，开始WebSocket连接循环...
2026-05-07 01:59:50.579 | DEBUG    | xianyu_mixins.connection_mixin:_set_connection_state:34 - [2220946115835] 连接状态: disconnected -> connecting, 原因: 准备建立WebSocket连接
2026-05-07 01:59:50.580 | INFO     | xianyu_mixins.reply_mixin:main:791 - 【2220946115835】WebSocket目标地址: wss://wss-goofish.dingtalk.com/
2026-05-07 01:59:50.581 | WARNING  | xianyu_mixins.connection_mixin:_create_websocket_connection:41 - websockets库版本: 12.0
2026-05-07 01:59:51.134 | INFO     | xianyu_mixins.reply_mixin:main:796 - 【2220946115835】WebSocket连接建立成功，开始初始化...
2026-05-07 01:59:51.135 | INFO     | XianyuAutoAsync:init:3053 - 【2220946115835】获取初始token...
2026-05-07 01:59:51.135 | INFO     | XianyuAutoAsync:refresh_token:1005 - 【2220946115835】开始刷新token... (滑块验证重试次数: 0)
2026-05-07 01:59:51.135 | INFO     | XianyuAutoAsync:refresh_token:1035 - 【2220946115835】开始执行Cookie刷新任务...
2026-05-07 01:59:51.135 | WARNING  | utils.crypto:decrypt_value:86 - 解密失败，返回原始数据（可能是未加密的历史数据）
2026-05-07 01:59:51.135 | INFO     | XianyuAutoAsync:refresh_token:1108 - 【2220946115835】正在刷新token... (API: https://h5api.m.goofish.com/h5/mtop.taobao.idlemessage.pc.login.token/1.0/, cookie长度: 1639)
2026-05-07 01:59:51.623 | DEBUG    | XianyuAutoAsync:refresh_token:1119 - 【2220946115835】Token刷新响应: 状态码=200, 内容={"api": "mtop.taobao.idlemessage.pc.login.token", "data": {}, "ret": ["FAIL_SYS_SESSION_EXPIRED::Session过期"], "v": "1.0"}
2026-05-07 01:59:51.624 | INFO     | XianyuAutoAsync:_try_password_login_refresh:1577 - 【2220946115835】开始尝试密码登录刷新，触发原因: 令牌/Session过期
2026-05-07 01:59:51.624 | WARNING  | utils.crypto:decrypt_value:86 - 解密失败，返回原始数据（可能是未加密的历史数据）
2026-05-07 01:59:51.624 | INFO     | XianyuAutoAsync:_try_password_login_refresh:1592 - 【2220946115835】使用账号 admin 进行密码登录刷新 (show_browser=False)
2026-05-07 01:59:51.626 | DEBUG    | utils.xianyu_slider_stealth:__init__:264 - 【2220946115835】创建临时目录: C:\Users\TONG'T~1\AppData\Local\Temp\slider_2220946115835_thn6w6s_
2026-05-07 01:59:51.626 | INFO     | utils.xianyu_slider_stealth:__init__:267 - 【2220946115835】检查并发限制...
2026-05-07 01:59:51.627 | INFO     | utils.xianyu_slider_stealth:__init__:276 - 【2220946115835】实例已注册，当前并发: 3/3
2026-05-07 01:59:51.627 | INFO     | utils.xianyu_slider_stealth:login_with_password_playwright:3045 - 【2220946115835】开始无头模式密码登录流程（使用Playwright）...
2026-05-07 01:59:51.627 | INFO     | utils.xianyu_slider_stealth:login_with_password_playwright:3046 - 【2220946115835】账号: admin
2026-05-07 01:59:51.627 | INFO     | utils.xianyu_slider_stealth:login_with_password_playwright:3047 - ============================================================
2026-05-07 01:59:51.631 | INFO     | utils.xianyu_slider_stealth:login_with_password_playwright:3053 - 【2220946115835】使用用户数据目录: E:\xianyu-super-butler\browser_data\user_2220946115835
2026-05-07 01:59:51.995 | INFO     | utils.xianyu_slider_stealth:login_with_password_playwright:3122 - 【2221935413604】等待页面加载（2秒）...
2026-05-07 01:59:53.997 | INFO     | utils.xianyu_slider_stealth:login_with_password_playwright:3126 - 【2221935413604】========== 页面诊断信息 ==========
2026-05-07 01:59:53.997 | INFO     | utils.xianyu_slider_stealth:login_with_password_playwright:3127 - 【2221935413604】当前URL: https://www.goofish.com/im
2026-05-07 01:59:54.430 | INFO     | utils.xianyu_slider_stealth:login_with_password_playwright:3128 - 【2221935413604】页面标题: 聊天_闲鱼
2026-05-07 01:59:54.431 | INFO     | utils.xianyu_slider_stealth:login_with_password_playwright:3129 - 【2221935413604】=====================================
2026-05-07 01:59:54.432 | INFO     | utils.xianyu_slider_stealth:login_with_password_playwright:3132 - 【2221935413604】查找登录frame...
2026-05-07 01:59:54.432 | INFO     | utils.xianyu_slider_stealth:login_with_password_playwright:3137 - 【2221935413604】等待页面和iframe加载...
2026-05-07 01:59:54.433 | INFO     | utils.xianyu_slider_stealth:login_with_password_playwright:3108 - 【2220946115835】已设置浏览器语言为中文（zh-CN）
2026-05-07 01:59:55.432 | INFO     | utils.xianyu_slider_stealth:login_with_password_playwright:3141 - 【2221935413604】在主页面查找登录表单...
2026-05-07 01:59:55.486 | INFO     | utils.xianyu_slider_stealth:login_with_password_playwright:3165 - 【2221935413604】找到 2 个 iframe
2026-05-07 01:59:55.514 | INFO     | utils.xianyu_slider_stealth:login_with_password_playwright:3112 - 【2220946115835】浏览器已成功启动（无头模式）
2026-05-07 01:59:55.514 | INFO     | utils.xianyu_slider_stealth:login_with_password_playwright:3117 - 【2220946115835】访问登录页面: https://www.goofish.com/im
2026-05-07 01:59:55.514 | INFO     | utils.xianyu_slider_stealth:login_with_password_playwright:3189 - 【2216699866542】✓ 在Frame 1 找到登录表单: input[placeholder*="手机号"]
2026-05-07 01:59:55.514 | INFO     | utils.xianyu_slider_stealth:login_with_password_playwright:3207 - 【2216699866542】找到登录表单，开始正常登录流程...
2026-05-07 01:59:55.514 | INFO     | utils.xianyu_slider_stealth:login_with_password_playwright:3409 - 【2216699866542】查找密码登录标签...
2026-05-07 01:59:55.530 | INFO     | utils.xianyu_slider_stealth:login_with_password_playwright:3413 - 【2216699866542】✓ 找到密码登录标签，点击中...
2026-05-07 01:59:58.499 | INFO     | utils.xianyu_slider_stealth:login_with_password_playwright:3420 - 【2216699866542】输入账号: admin
2026-05-07 01:59:58.522 | DEBUG    | utils.xianyu_slider_stealth:login_with_password_playwright:3200 - 【2221935413604】Frame 0 未找到登录表单
2026-05-07 01:59:59.505 | INFO     | utils.xianyu_slider_stealth:login_with_password_playwright:3425 - 【2216699866542】✓ 找到账号输入框
2026-05-07 01:59:59.517 | INFO     | utils.xianyu_slider_stealth:login_with_password_playwright:3427 - 【2216699866542】✓ 账号已输入
2026-05-07 02:00:00.075 | INFO     | utils.xianyu_slider_stealth:login_with_password_playwright:3434 - 【2216699866542】输入密码...
2026-05-07 02:00:00.087 | INFO     | utils.xianyu_slider_stealth:login_with_password_playwright:3438 - 【2216699866542】✓ 密码已输入
2026-05-07 02:00:01.049 | INFO     | utils.xianyu_slider_stealth:login_with_password_playwright:3445 - 【2216699866542】查找并勾选用户协议...
2026-05-07 02:00:01.422 | INFO     | utils.xianyu_slider_stealth:login_with_password_playwright:3453 - 【2216699866542】✓ 用户协议已勾选
2026-05-07 02:00:01.422 | INFO     | utils.xianyu_slider_stealth:login_with_password_playwright:3458 - 【2216699866542】点击登录按钮...
2026-05-07 02:00:01.546 | INFO     | utils.xianyu_slider_stealth:login_with_password_playwright:3189 - 【2221935413604】✓ 在Frame 1 找到登录表单: input[placeholder*="手机号"]
2026-05-07 02:00:01.546 | INFO     | utils.xianyu_slider_stealth:login_with_password_playwright:3207 - 【2221935413604】找到登录表单，开始正常登录流程...
2026-05-07 02:00:01.546 | INFO     | utils.xianyu_slider_stealth:login_with_password_playwright:3409 - 【2221935413604】查找密码登录标签...
2026-05-07 02:00:01.552 | INFO     | utils.xianyu_slider_stealth:login_with_password_playwright:3413 - 【2221935413604】✓ 找到密码登录标签，点击中...
2026-05-07 02:00:02.426 | INFO     | utils.xianyu_slider_stealth:login_with_password_playwright:3463 - 【2216699866542】✓ 找到登录按钮
2026-05-07 02:00:02.500 | INFO     | utils.xianyu_slider_stealth:login_with_password_playwright:3465 - 【2216699866542】✓ 登录按钮已点击
2026-05-07 02:00:02.501 | INFO     | utils.xianyu_slider_stealth:login_with_password_playwright:3471 - 【2216699866542】========== 登录后监控 ==========
2026-05-07 02:00:02.501 | INFO     | utils.xianyu_slider_stealth:login_with_password_playwright:3472 - 【2216699866542】等待页面响应...
2026-05-07 02:00:03.153 | INFO     | utils.xianyu_slider_stealth:login_with_password_playwright:3420 - 【2221935413604】输入账号: admin
2026-05-07 02:00:03.616 | INFO     | utils.xianyu_slider_stealth:login_with_password_playwright:3122 - 【2220946115835】等待页面加载（2秒）...
2026-05-07 02:00:04.161 | INFO     | utils.xianyu_slider_stealth:login_with_password_playwright:3425 - 【2221935413604】✓ 找到账号输入框
2026-05-07 02:00:04.171 | INFO     | utils.xianyu_slider_stealth:login_with_password_playwright:3427 - 【2221935413604】✓ 账号已输入
2026-05-07 02:00:04.730 | INFO     | utils.xianyu_slider_stealth:login_with_password_playwright:3434 - 【2221935413604】输入密码...
2026-05-07 02:00:04.741 | INFO     | utils.xianyu_slider_stealth:login_with_password_playwright:3438 - 【2221935413604】✓ 密码已输入
2026-05-07 02:00:05.502 | INFO     | utils.xianyu_slider_stealth:login_with_password_playwright:3476 - 【2216699866542】检测是否有滑块验证...
2026-05-07 02:00:05.536 | INFO     | utils.xianyu_slider_stealth:login_with_password_playwright:3537 - 【2216699866542】未检测到滑块验证
2026-05-07 02:00:05.536 | INFO     | utils.xianyu_slider_stealth:login_with_password_playwright:3540 - 【2216699866542】等待登录完成...
2026-05-07 02:00:05.617 | INFO     | utils.xianyu_slider_stealth:login_with_password_playwright:3126 - 【2220946115835】========== 页面诊断信息 ==========
2026-05-07 02:00:05.617 | INFO     | utils.xianyu_slider_stealth:login_with_password_playwright:3127 - 【2220946115835】当前URL: https://www.goofish.com/im
2026-05-07 02:00:05.623 | INFO     | utils.xianyu_slider_stealth:login_with_password_playwright:3445 - 【2221935413604】查找并勾选用户协议...
2026-05-07 02:00:05.624 | INFO     | utils.xianyu_slider_stealth:login_with_password_playwright:3128 - 【2220946115835】页面标题: 聊天_闲鱼
2026-05-07 02:00:05.625 | INFO     | utils.xianyu_slider_stealth:login_with_password_playwright:3129 - 【2220946115835】=====================================
2026-05-07 02:00:05.626 | INFO     | utils.xianyu_slider_stealth:login_with_password_playwright:3132 - 【2220946115835】查找登录frame...
2026-05-07 02:00:05.626 | INFO     | utils.xianyu_slider_stealth:login_with_password_playwright:3137 - 【2220946115835】等待页面和iframe加载...
2026-05-07 02:00:05.972 | INFO     | utils.xianyu_slider_stealth:login_with_password_playwright:3453 - 【2221935413604】✓ 用户协议已勾选
2026-05-07 02:00:05.972 | INFO     | utils.xianyu_slider_stealth:login_with_password_playwright:3458 - 【2221935413604】点击登录按钮...
2026-05-07 02:00:06.627 | INFO     | utils.xianyu_slider_stealth:login_with_password_playwright:3141 - 【2220946115835】在主页面查找登录表单...
2026-05-07 02:00:06.665 | INFO     | utils.xianyu_slider_stealth:login_with_password_playwright:3165 - 【2220946115835】找到 2 个 iframe
2026-05-07 02:00:06.978 | INFO     | utils.xianyu_slider_stealth:login_with_password_playwright:3463 - 【2221935413604】✓ 找到登录按钮
2026-05-07 02:00:07.032 | INFO     | utils.xianyu_slider_stealth:login_with_password_playwright:3465 - 【2221935413604】✓ 登录按钮已点击
2026-05-07 02:00:07.032 | INFO     | utils.xianyu_slider_stealth:login_with_password_playwright:3471 - 【2221935413604】========== 登录后监控 ==========
2026-05-07 02:00:07.032 | INFO     | utils.xianyu_slider_stealth:login_with_password_playwright:3472 - 【2221935413604】等待页面响应...
2026-05-07 02:00:09.709 | DEBUG    | utils.xianyu_slider_stealth:login_with_password_playwright:3200 - 【2220946115835】Frame 0 未找到登录表单
2026-05-07 02:00:10.032 | INFO     | utils.xianyu_slider_stealth:login_with_password_playwright:3476 - 【2221935413604】检测是否有滑块验证...
2026-05-07 02:00:10.065 | INFO     | utils.xianyu_slider_stealth:login_with_password_playwright:3537 - 【2221935413604】未检测到滑块验证
2026-05-07 02:00:10.065 | INFO     | utils.xianyu_slider_stealth:login_with_password_playwright:3540 - 【2221935413604】等待登录完成...
2026-05-07 02:00:10.537 | INFO     | utils.xianyu_slider_stealth:login_with_password_playwright:3544 - 【2216699866542】等待1秒后检查是否有滑块验证...
2026-05-07 02:00:11.553 | INFO     | utils.xianyu_slider_stealth:login_with_password_playwright:3582 - 【2216699866542】等待1秒后检查登录状态...
2026-05-07 02:00:12.554 | INFO     | utils.xianyu_slider_stealth:_check_login_success_by_element:2520 - 【2216699866542】========== 检查登录状态（通过页面元素） ==========
2026-05-07 02:00:12.554 | INFO     | utils.xianyu_slider_stealth:_check_login_success_by_element:2521 - 【2216699866542】检查选择器: .rc-virtual-list-holder-inner
2026-05-07 02:00:12.559 | DEBUG    | utils.xianyu_slider_stealth:_check_login_success_by_element:2548 - 【2216699866542】未找到目标元素: .rc-virtual-list-holder-inner
2026-05-07 02:00:12.559 | INFO     | utils.xianyu_slider_stealth:_check_login_success_by_element:2549 - 【2216699866542】================================================
2026-05-07 02:00:12.559 | INFO     | utils.xianyu_slider_stealth:login_with_password_playwright:3590 - 【2216699866542】等待1秒后检查是否有账密错误...
2026-05-07 02:00:12.739 | INFO     | utils.xianyu_slider_stealth:login_with_password_playwright:3189 - 【2220946115835】✓ 在Frame 1 找到登录表单: input[placeholder*="手机号"]
2026-05-07 02:00:12.739 | INFO     | utils.xianyu_slider_stealth:login_with_password_playwright:3207 - 【2220946115835】找到登录表单，开始正常登录流程...
2026-05-07 02:00:12.739 | INFO     | utils.xianyu_slider_stealth:login_with_password_playwright:3409 - 【2220946115835】查找密码登录标签...
2026-05-07 02:00:12.744 | INFO     | utils.xianyu_slider_stealth:login_with_password_playwright:3413 - 【2220946115835】✓ 找到密码登录标签，点击中...
2026-05-07 02:00:13.561 | DEBUG    | utils.xianyu_slider_stealth:_check_login_error:2568 - 【2216699866542】检查登录错误...
2026-05-07 02:00:13.739 | INFO     | utils.xianyu_slider_stealth:login_with_password_playwright:3600 - 【2216699866542】等待1秒后检测是否需要二维码/人脸验证...
2026-05-07 02:00:14.352 | INFO     | utils.xianyu_slider_stealth:login_with_password_playwright:3420 - 【2220946115835】输入账号: admin
2026-05-07 02:00:14.741 | INFO     | utils.xianyu_slider_stealth:login_with_password_playwright:3602 - 【2216699866542】检测是否需要二维码/人脸验证...
2026-05-07 02:00:14.741 | INFO     | utils.xianyu_slider_stealth:_detect_qr_code_verification:2622 - 【2216699866542】检测二维码/人脸验证...
2026-05-07 02:00:14.892 | INFO     | utils.xianyu_slider_stealth:_detect_qr_code_verification:2695 - 【2216699866542】✅ 检测到 alibaba-login-box iframe（人脸验证/短信验证）
2026-05-07 02:00:14.897 | INFO     | utils.xianyu_slider_stealth:_detect_qr_code_verification:2698 - 【2216699866542】人脸验证/短信验证Frame URL: https://passport.goofish.com/mini_login.htm?lang=zh_cn&appName=xianyu&appEntrance=web&styleType=vertical&bizParams=&notLoadSsoView=false&notKeepLogin=false&isMobile=false&qrCodeFirst=false&stie=77&rnd=0.8386210267554567
2026-05-07 02:00:14.898 | INFO     | utils.xianyu_slider_stealth:_get_face_verification_url:2904 - 【2216699866542】开始查找人脸验证链接...
2026-05-07 02:00:15.066 | INFO     | utils.xianyu_slider_stealth:login_with_password_playwright:3544 - 【2221935413604】等待1秒后检查是否有滑块验证...
2026-05-07 02:00:15.358 | INFO     | utils.xianyu_slider_stealth:login_with_password_playwright:3425 - 【2220946115835】✓ 找到账号输入框
2026-05-07 02:00:15.367 | INFO     | utils.xianyu_slider_stealth:login_with_password_playwright:3427 - 【2220946115835】✓ 账号已输入
2026-05-07 02:00:15.958 | INFO     | utils.xianyu_slider_stealth:login_with_password_playwright:3434 - 【2220946115835】输入密码...
2026-05-07 02:00:15.970 | INFO     | utils.xianyu_slider_stealth:login_with_password_playwright:3438 - 【2220946115835】✓ 密码已输入
2026-05-07 02:00:16.084 | INFO     | utils.xianyu_slider_stealth:login_with_password_playwright:3582 - 【2221935413604】等待1秒后检查登录状态...
2026-05-07 02:00:16.485 | INFO     | utils.xianyu_slider_stealth:login_with_password_playwright:3445 - 【2220946115835】查找并勾选用户协议...
2026-05-07 02:00:16.836 | INFO     | utils.xianyu_slider_stealth:login_with_password_playwright:3453 - 【2220946115835】✓ 用户协议已勾选
2026-05-07 02:00:16.836 | INFO     | utils.xianyu_slider_stealth:login_with_password_playwright:3458 - 【2220946115835】点击登录按钮...
2026-05-07 02:00:16.942 | WARNING  | utils.xianyu_slider_stealth:_get_face_verification_url:2929 - 【2216699866542】未找到'其他验证方式'链接，可能已经在验证方式选择页面
2026-05-07 02:00:17.084 | INFO     | utils.xianyu_slider_stealth:_check_login_success_by_element:2520 - 【2221935413604】========== 检查登录状态（通过页面元素） ==========
2026-05-07 02:00:17.084 | INFO     | utils.xianyu_slider_stealth:_check_login_success_by_element:2521 - 【2221935413604】检查选择器: .rc-virtual-list-holder-inner
2026-05-07 02:00:17.091 | DEBUG    | utils.xianyu_slider_stealth:_check_login_success_by_element:2548 - 【2221935413604】未找到目标元素: .rc-virtual-list-holder-inner
2026-05-07 02:00:17.091 | INFO     | utils.xianyu_slider_stealth:_check_login_success_by_element:2549 - 【2221935413604】================================================
2026-05-07 02:00:17.091 | INFO     | utils.xianyu_slider_stealth:login_with_password_playwright:3590 - 【2221935413604】等待1秒后检查是否有账密错误...
