[    1083ms] [LOG] [options] {commonOptions: Object, captchaOptions: Object, secondVerifyWebOptions: undefined} @ https://lf-fe.fqnovelstatic.com/obj/novel-fanqie-fe/toutiao/muye/js/muye_5923c0d1.js:905
[    1417ms] [ERROR] Refused to get unsafe header "x-tt-zhal" @ https://lf-fe.fqnovelstatic.com/obj/novel-fanqie-fe/toutiao/muye/js/muye_5923c0d1.js:570
[    1420ms] [ERROR] Refused to get unsafe header "x-tt-zhal" @ https://lf-fe.fqnovelstatic.com/obj/novel-fanqie-fe/toutiao/muye/js/muye_5923c0d1.js:570
[    1453ms] [LOG] %c %s color: yellow; background-color: black; [AppLog WEB SDK] [instance: muye-collector] appid: 2503, userInfo:{"user_unique_id":"7634533916884780550","user_id":"","web_id":"7634533916884780550"} @ https://lf-fe.fqnovelstatic.com/obj/novel-fanqie-fe/toutiao/muye/js/muye_5923c0d1.js:885
[    1453ms] [LOG] %c %s color: yellow; background-color: black; [AppLog WEB SDK] [instance: muye-collector] appid: 2503, sdk is ready, version type is full, version is 5.0.47, you can report now !!! @ https://lf-fe.fqnovelstatic.com/obj/novel-fanqie-fe/toutiao/muye/js/muye_5923c0d1.js:885
[    1483ms] [ERROR] Refused to get unsafe header "x-tt-zhal" @ https://lf-fe.fqnovelstatic.com/obj/novel-fanqie-fe/toutiao/muye/js/muye_5923c0d1.js:570
[    1779ms] [ERROR] Refused to get unsafe header "x-tt-zhal" @ https://lf-fe.fqnovelstatic.com/obj/novel-fanqie-fe/toutiao/muye/js/muye_5923c0d1.js:570
[    1847ms] [ERROR] Refused to get unsafe header "x-tt-zhal" @ https://lf-fe.fqnovelstatic.com/obj/novel-fanqie-fe/toutiao/muye/js/muye_5923c0d1.js:570
[    1847ms] [ERROR] Refused to get unsafe header "x-tt-zhal" @ https://lf-fe.fqnovelstatic.com/obj/novel-fanqie-fe/toutiao/muye/js/muye_5923c0d1.js:570
[    1847ms] [LOG] 本地缓存 {info: Object, event: Object} 远程数据 {} @ https://lf-fe.fqnovelstatic.com/obj/novel-fanqie-fe/toutiao/muye/js/muye_5923c0d1.js:851
[    1847ms] [LOG] 最新的缓存数据 {} {} @ https://lf-fe.fqnovelstatic.com/obj/novel-fanqie-fe/toutiao/muye/js/muye_5923c0d1.js:851
[    1851ms] [ERROR] Refused to get unsafe header "x-tt-zhal" @ https://lf-fe.fqnovelstatic.com/obj/novel-fanqie-fe/toutiao/muye/js/muye_5923c0d1.js:570
[    1851ms] [ERROR] Refused to get unsafe header "x-tt-zhal" @ https://lf-fe.fqnovelstatic.com/obj/novel-fanqie-fe/toutiao/muye/js/muye_5923c0d1.js:570
[    1853ms] [ERROR] Refused to get unsafe header "x-tt-zhal" @ https://lf-fe.fqnovelstatic.com/obj/novel-fanqie-fe/toutiao/muye/js/muye_5923c0d1.js:570
[    1853ms] [ERROR] Refused to get unsafe header "x-tt-zhal" @ https://lf-fe.fqnovelstatic.com/obj/novel-fanqie-fe/toutiao/muye/js/muye_5923c0d1.js:570
[    1860ms] [ERROR] Refused to get unsafe header "x-tt-zhal" @ https://lf-fe.fqnovelstatic.com/obj/novel-fanqie-fe/toutiao/muye/js/muye_5923c0d1.js:570
[    1890ms] [ERROR] Refused to get unsafe header "x-tt-zhal" @ https://lf-fe.fqnovelstatic.com/obj/novel-fanqie-fe/toutiao/muye/js/muye_5923c0d1.js:570
[    1974ms] [ERROR] Refused to get unsafe header "x-tt-zhal" @ https://lf-fe.fqnovelstatic.com/obj/novel-fanqie-fe/toutiao/muye/js/muye_5923c0d1.js:570
[    1977ms] [ERROR] Refused to get unsafe header "x-tt-zhal" @ https://lf-fe.fqnovelstatic.com/obj/novel-fanqie-fe/toutiao/muye/js/muye_5923c0d1.js:570
[    1980ms] [ERROR] Refused to get unsafe header "x-tt-zhal" @ https://lf-fe.fqnovelstatic.com/obj/novel-fanqie-fe/toutiao/muye/js/muye_5923c0d1.js:570
[    1985ms] [ERROR] Refused to get unsafe header "x-tt-zhal" @ https://lf-fe.fqnovelstatic.com/obj/novel-fanqie-fe/toutiao/muye/js/muye_5923c0d1.js:570
[    2724ms] [ERROR] Refused to get unsafe header "x-tt-zhal" @ https://lf-fe.fqnovelstatic.com/obj/novel-fanqie-fe/toutiao/muye/js/muye_5923c0d1.js:570
[    3765ms] [ERROR] Refused to get unsafe header "x-tt-zhal" @ https://lf-fe.fqnovelstatic.com/obj/novel-fanqie-fe/toutiao/muye/js/muye_5923c0d1.js:570
[    4695ms] [ERROR] Refused to get unsafe header "x-tt-zhal" @ https://lf-fe.fqnovelstatic.com/obj/novel-fanqie-fe/toutiao/muye/js/muye_5923c0d1.js:570
