[     535ms] [WARNING] Error with Permissions-Policy header: Unrecognized feature: 'pointer-lock'. @ :0
[     784ms] [WARNING] react-i18next:: useTranslation: You will need to pass in an i18next instance by using initReactI18next {code: NO_I18NEXT_INSTANCE} @ https://cdn.grok.com/_next/static/chunks/22f2cc8d63f55fca.js:2
[     881ms] [ERROR] Failed to load resource: the server responded with a status of 403 () @ https://grok.com/manifest.webmanifest:0
[     881ms] [ERROR] Manifest fetch from https://grok.com/manifest.webmanifest failed, code 403 @ https://grok.com/:0
[    1030ms] [INFO] 
█░░░░░░░░░░░░░░░░░░░░░░░░░░░░░░░░░░░░░░░░▓
░                                        ░
░                                        ░
░                                 ░▒░    ░
░                ░░▒▒▒▒▒░░░     ░█░      ░
░            ░▒████████████▓░ ▒██░       ░
░          ░████▓░         ░▓███░        ░
░         ░███▒          ░▓█████░        ░
░         ███░         ░██▒  ▓███░       ░
░        ░███░       ▒█▒      ███░       ░
░         ███░     ▒░░       ▒███░       ░
░         ▒███░             ░███░        ░
░         ░███▓░         ░▒████░         ░
░         ▓█░ ░▒▓████████████░           ░
░       ▒▒░     ░░▒█████▒░░              ░
░     ▒░                                 ░
░                                        ░
░                                        ░
█░░░░░░░░░░░░░░░░░░░░░░░░░░░░░░░░░░░░░░░░▓

Curious? Join us at https://x.ai/careers @ https://cdn.grok.com/_next/static/chunks/22f2cc8d63f55fca.js:2
[    1775ms] [ERROR] Failed to load resource: the server responded with a status of 401 () @ https://grok.com/rest/suggestions/profile:0
[    1880ms] [ERROR] Failed to load resource: net::ERR_CONNECTION_ABORTED @ https://websdk.appsflyersdk.com/?st=pba&:0
[    2042ms] [ERROR] Failed to load resource: the server responded with a status of 401 () @ https://grok.com/rest/rate-limits:0
[    2049ms] [ERROR] Failed to load resource: the server responded with a status of 401 () @ https://grok.com/rest/products?provider=SUBSCRIPTION_PROVIDER_STRIPE:0
[    2204ms] [ERROR] Connecting to 'https://www.google.com.hk/rmkt/collect/17453864730/?random=1777553120182&cv=11&fst=1777553120182&fmt=8&bg=ffffff&guid=ON&async=1&en=gtag.config&gtm=45Pe64t0h2v9245174775z89246954284za20gzb9246954284zd9246954284xec&gcd=13r3r3r3r5l1&dma=0&tag_exp=0~115938466~115938469~116363097~117266401~118463262&u_w=1707&u_h=1067&url=https%3A%2F%2Fgrok.com%2F&rcb=6&frm=0&tiba=Grok&did=dYWJhMj&gdid=dYWJhMj&hn=www.googleadservices.com&npa=0&pscdl=noapi&auid=473444922.1777552780&uaa=x86&uab=64&uafvl=Google%2520Chrome%3B147.0.7727.117%7CNot.A%252FBrand%3B8.0.0.0%7CChromium%3B147.0.7727.117&uamb=0&uam=&uap=Windows&uapv=19.0.0&uaw=0&data=event%3Dgtag.config%3Bevent_id%3D3c03008f-3b2b-4612-8f8f-82793d09b267&gcp=5&ipr=y' violates the following Content Security Policy directive: "connect-src 'self' data: https://cdn.grok.com https://*.x.ai wss://*.x.ai https://*.twimg.com https://*.grok.com wss://*.grok.com https://*.grok-sandbox.com wss://*.grok-sandbox.com ws://localhost:* ws://127.0.0.1:* https://assets.grok.com https://assets.grokusercontent.com wss://code.grok.com/ws/code-client https://*.js.stripe.com https://*.stripe.com https://featureassets.org https://*.googleapis.com https://*.google.com https://*.withgoogle.com https://*.gstatic.com https://*.googletagmanager.com https://*.google-analytics.com https://*.googleadservices.com https://*.googlesyndication.com https://*.doubleclick.net https://*.microsoftonline.com https://*.live.com https://*.microsoft.com https://*.onedrive.com https://*.mixpanel.com https://*.twitter.com https://*.x.com https://analytics.tiktok.com https://sgtm-prod-985009374134.us-central1.run.app https://cdn.cookielaw.org https://cookie-cdn.cookiepro.com https://geolocation.onetrust.com https://privacyportal.onetrust.com https://*.paypal.com https://*.braintreegateway.com https://*.braintree-api.com". The action has been blocked. @ https://grok.com/:0
[    2210ms] [ERROR] Connecting to 'https://www.google.com.hk/rmkt/collect/18037926571/?random=1777553120189&cv=11&fst=1777553120189&fmt=8&bg=ffffff&guid=ON&async=1&en=gtag.config&gtm=45Pe64t0h2v9245174775z89246954284za20gzb9246954284zd9246954284xec&gcd=13r3r3r3r5l1&dma=0&tag_exp=0~115938466~115938469~116363097~117266401~118463262&u_w=1707&u_h=1067&url=https%3A%2F%2Fgrok.com%2F&rcb=6&frm=0&tiba=Grok&did=dYWJhMj&gdid=dYWJhMj&hn=www.googleadservices.com&npa=0&pscdl=noapi&auid=473444922.1777552780&uaa=x86&uab=64&uafvl=Google%2520Chrome%3B147.0.7727.117%7CNot.A%252FBrand%3B8.0.0.0%7CChromium%3B147.0.7727.117&uamb=0&uam=&uap=Windows&uapv=19.0.0&uaw=0&data=event%3Dgtag.config%3Bevent_id%3D3c03008f-3b2b-4612-8f8f-82793d09b267&gcp=5&ipr=y' violates the following Content Security Policy directive: "connect-src 'self' data: https://cdn.grok.com https://*.x.ai wss://*.x.ai https://*.twimg.com https://*.grok.com wss://*.grok.com https://*.grok-sandbox.com wss://*.grok-sandbox.com ws://localhost:* ws://127.0.0.1:* https://assets.grok.com https://assets.grokusercontent.com wss://code.grok.com/ws/code-client https://*.js.stripe.com https://*.stripe.com https://featureassets.org https://*.googleapis.com https://*.google.com https://*.withgoogle.com https://*.gstatic.com https://*.googletagmanager.com https://*.google-analytics.com https://*.googleadservices.com https://*.googlesyndication.com https://*.doubleclick.net https://*.microsoftonline.com https://*.live.com https://*.microsoft.com https://*.onedrive.com https://*.mixpanel.com https://*.twitter.com https://*.x.com https://analytics.tiktok.com https://sgtm-prod-985009374134.us-central1.run.app https://cdn.cookielaw.org https://cookie-cdn.cookiepro.com https://geolocation.onetrust.com https://privacyportal.onetrust.com https://*.paypal.com https://*.braintreegateway.com https://*.braintree-api.com". The action has been blocked. @ https://grok.com/:0
[    3165ms] [ERROR] Failed to load resource: the server responded with a status of 403 () @ https://grok.com/manifest.webmanifest:0
[    3165ms] [ERROR] Manifest fetch from https://grok.com/manifest.webmanifest failed, code 403 @ https://grok.com/:0
[    5185ms] [ERROR] Connecting to 'https://analytics-ipv6.tiktokw.us/ipv6/enrich_ipv6' violates the following Content Security Policy directive: "connect-src 'self' data: https://cdn.grok.com https://*.x.ai wss://*.x.ai https://*.twimg.com https://*.grok.com wss://*.grok.com https://*.grok-sandbox.com wss://*.grok-sandbox.com ws://localhost:* ws://127.0.0.1:* https://assets.grok.com https://assets.grokusercontent.com wss://code.grok.com/ws/code-client https://*.js.stripe.com https://*.stripe.com https://featureassets.org https://*.googleapis.com https://*.google.com https://*.withgoogle.com https://*.gstatic.com https://*.googletagmanager.com https://*.google-analytics.com https://*.googleadservices.com https://*.googlesyndication.com https://*.doubleclick.net https://*.microsoftonline.com https://*.live.com https://*.microsoft.com https://*.onedrive.com https://*.mixpanel.com https://*.twitter.com https://*.x.com https://analytics.tiktok.com https://sgtm-prod-985009374134.us-central1.run.app https://cdn.cookielaw.org https://cookie-cdn.cookiepro.com https://geolocation.onetrust.com https://privacyportal.onetrust.com https://*.paypal.com https://*.braintreegateway.com https://*.braintree-api.com". The action has been blocked. @ https://analytics.tiktok.com/i18n/pixel/static/main.MWE0ZWQ3ZWQwMQ.js:0
[    5287ms] [ERROR] Failed to load resource: the server responded with a status of 403 () @ https://grok.com/manifest.webmanifest:0
[    5296ms] [ERROR] Manifest fetch from https://grok.com/manifest.webmanifest failed, code 403 @ https://grok.com/:0
[   15645ms] [ERROR] Failed to load resource: the server responded with a status of 403 () @ https://grok.com/manifest.webmanifest:0
[   15646ms] [ERROR] Manifest fetch from https://grok.com/manifest.webmanifest failed, code 403 @ https://grok.com/:0
[   15805ms] [ERROR] Failed to load resource: the server responded with a status of 429 () @ https://grok.com/rest/app-chat/conversations/new:0
[   17443ms] [ERROR] Connecting to 'https://www.google.com.hk/pagead/1p-conversion/18037926571/?random=1293512462&cv=11&fst=1777553134206&bg=ffffff&guid=ON&async=1&en=conversion&gtm=45Pe64t0h2v9245174775z89246954284za20gzb9246954284zd9246954284xea&gcs=G111&gcd=13r3r3r3r5l1&dma=0&tag_exp=0~115938466~115938469~116363097~117266401~118463262&u_w=1707&u_h=1067&url=https%3A%2F%2Fgrok.com%2F&rcb=6&label=O_ESCPr73JAcEKvVk5lD&capi=1&frm=0&tiba=Grok&did=dYWJhMj&gdid=dYWJhMj&value=0&hn=www.googleadservices.com&npa=0&pscdl=noapi&auid=473444922.177755278...BR1TQx6TMgwIA2IICAAQABgAIAEyDAgEYggIABAAGAAgATIMCAdiCAgAEAAYACABMgwICGIICAAQABgAIAEyDAgJYggIABAAGAAgATIMCApiCAgAEAAYACABMgwIAmIICAAQABgAIAEyDAgLYggIABAAGAAgATIMCBViCAgAEAAYACABMgwIH2IICAAQABgAIAEyDAgTYggIABAAGAAgATIMCBJiCAgAEAAYACABOhFodHRwczovL2dyb2suY29tL0JXQ2hBSThQdkx6d1lRaXJpSDhOXy00SVZMRWkwQTdGTVN0eEhQd1hhTkFWTXB2X1ZZLXd0ZHlfNlFnVUdiY2VSblVPMFFpbzc1a2ljSmhKR2d6WFNwTTY4YgIgAXoMCAliCAgAEAAYACABggEFcAGIAQE&ezwbk=AZuM4hB-oQ1K0XZM4Lo3qlUDW27Q61E7DPMtUqRQ7BRcISWbi1PyUDrXxwXDKCsECW5SpB_jvK6W4sEBEYNs5XDLhObi' violates the following Content Security Policy directive: "connect-src 'self' data: https://cdn.grok.com https://*.x.ai wss://*.x.ai https://*.twimg.com https://*.grok.com wss://*.grok.com https://*.grok-sandbox.com wss://*.grok-sandbox.com ws://localhost:* ws://127.0.0.1:* https://assets.grok.com https://assets.grokusercontent.com wss://code.grok.com/ws/code-client https://*.js.stripe.com https://*.stripe.com https://featureassets.org https://*.googleapis.com https://*.google.com https://*.withgoogle.com https://*.gstatic.com https://*.googletagmanager.com https://*.google-analytics.com https://*.googleadservices.com https://*.googlesyndication.com https://*.doubleclick.net https://*.microsoftonline.com https://*.live.com https://*.microsoft.com https://*.onedrive.com https://*.mixpanel.com https://*.twitter.com https://*.x.com https://analytics.tiktok.com https://sgtm-prod-985009374134.us-central1.run.app https://cdn.cookielaw.org https://cookie-cdn.cookiepro.com https://geolocation.onetrust.com https://privacyportal.onetrust.com https://*.paypal.com https://*.braintreegateway.com https://*.braintree-api.com". The action has been blocked. @ https://grok.com/:0
[   17577ms] [ERROR] Connecting to 'https://www.google.com.hk/pagead/1p-conversion/18037926571/?random=1293512462&cv=11&fst=1777553134206&bg=ffffff&guid=ON&async=1&en=conversion&gtm=45Pe64t0h2v9245174775z89246954284za20gzb9246954284zd9246954284xea&gcs=G111&gcd=13r3r3r3r5l1&dma=0&tag_exp=0~115938466~115938469~116363097~117266401~118463262&u_w=1707&u_h=1067&url=https%3A%2F%2Fgrok.com%2F&rcb=6&label=O_ESCPr73JAcEKvVk5lD&capi=1&frm=0&tiba=Grok&did=dYWJhMj&gdid=dYWJhMj&value=0&hn=www.googleadservices.com&npa=0&pscdl=noapi&auid=473444922.177755278...BR1TQx6TMgwIA2IICAAQABgAIAEyDAgEYggIABAAGAAgATIMCAdiCAgAEAAYACABMgwICGIICAAQABgAIAEyDAgJYggIABAAGAAgATIMCApiCAgAEAAYACABMgwIAmIICAAQABgAIAEyDAgLYggIABAAGAAgATIMCBViCAgAEAAYACABMgwIH2IICAAQABgAIAEyDAgTYggIABAAGAAgATIMCBJiCAgAEAAYACABOhFodHRwczovL2dyb2suY29tL0JXQ2hBSThQdkx6d1lRaXJpSDhOXy00SVZMRWkwQTdGTVN0eEhQd1hhTkFWTXB2X1ZZLXd0ZHlfNlFnVUdiY2VSblVPMFFpbzc1a2ljSmhKR2d6WFNwTTY4YgIgAXoMCAliCAgAEAAYACABggEFcAGIAQE&ezwbk=AZuM4hCEi18pKsN-HxvSpWEefdN9Y7DnVyCkQ52jqj869vewSC8_hbkCurizeMCO-ZPJfA8BftegnbFLfvAxSFpdNSbH' violates the following Content Security Policy directive: "connect-src 'self' data: https://cdn.grok.com https://*.x.ai wss://*.x.ai https://*.twimg.com https://*.grok.com wss://*.grok.com https://*.grok-sandbox.com wss://*.grok-sandbox.com ws://localhost:* ws://127.0.0.1:* https://assets.grok.com https://assets.grokusercontent.com wss://code.grok.com/ws/code-client https://*.js.stripe.com https://*.stripe.com https://featureassets.org https://*.googleapis.com https://*.google.com https://*.withgoogle.com https://*.gstatic.com https://*.googletagmanager.com https://*.google-analytics.com https://*.googleadservices.com https://*.googlesyndication.com https://*.doubleclick.net https://*.microsoftonline.com https://*.live.com https://*.microsoft.com https://*.onedrive.com https://*.mixpanel.com https://*.twitter.com https://*.x.com https://analytics.tiktok.com https://sgtm-prod-985009374134.us-central1.run.app https://cdn.cookielaw.org https://cookie-cdn.cookiepro.com https://geolocation.onetrust.com https://privacyportal.onetrust.com https://*.paypal.com https://*.braintreegateway.com https://*.braintree-api.com". The action has been blocked. @ https://grok.com/:0
[   37121ms] [ERROR] Access to fetch at 'https://accounts.x.ai/sign-up?redirect=grok-com' (redirected from 'https://grok.com/sign-up?_rsc=1txv4') from origin 'https://grok.com' has been blocked by CORS policy: Response to preflight request doesn't pass access control check: Redirect is not allowed for a preflight request. @ https://grok.com/:0
[   37122ms] [ERROR] Failed to load resource: net::ERR_FAILED @ https://accounts.x.ai/sign-up?redirect=grok-com:0
[   37122ms] [ERROR] Failed to fetch RSC payload for https://grok.com/sign-up. Falling back to browser navigation. TypeError: Failed to fetch (grok.com)
    at https://cdn.grok.com/_next/static/chunks/22f2cc8d63f55fca.js:3:391247
    at https://cdn.grok.com/_next/static/chunks/22f2cc8d63f55fca.js:3:184693
    at h (https://cdn.grok.com/_next/static/chunks/3d2190d3d098589e.js:3:16133)
    at E (https://cdn.grok.com/_next/static/chunks/3d2190d3d098589e.js:3:15003)
    at https://cdn.grok.com/_next/static/chunks/de9cc3fa828c288a.js:3:23952
    at Object.a [as task] (https://cdn.grok.com/_next/static/chunks/de9cc3fa828c288a.js:3:21029)
    at c.s (https://cdn.grok.com/_next/static/chunks/de9cc3fa828c288a.js:3:21734)
    at c.enqueue (https://cdn.grok.com/_next/static/chunks/de9cc3fa828c288a.js:3:21159)
    at s (https://cdn.grok.com/_next/static/chunks/de9cc3fa828c288a.js:3:23915)
    at i (https://cdn.grok.com/_next/static/chunks/de9cc3fa828c288a.js:3:23431)
    at e (https://cdn.grok.com/_next/static/chunks/de9cc3fa828c288a.js:3:51421)
    at https://cdn.grok.com/_next/static/chunks/de9cc3fa828c288a.js:3:65057
    at Object.action (https://cdn.grok.com/_next/static/chunks/de9cc3fa828c288a.js:3:67403)
    at p (https://cdn.grok.com/_next/static/chunks/de9cc3fa828c288a.js:3:66630)
    at https://cdn.grok.com/_next/static/chunks/de9cc3fa828c288a.js:3:67071
    at Object.dispatch (https://cdn.grok.com/_next/static/chunks/de9cc3fa828c288a.js:3:67363)
    at u (https://cdn.grok.com/_next/static/chunks/40dd35e945106d9d.js:3:38750)
    at a (https://cdn.grok.com/_next/static/chunks/40dd35e945106d9d.js:3:38680)
    at v (https://cdn.grok.com/_next/static/chunks/de9cc3fa828c288a.js:3:68042)
    at https://cdn.grok.com/_next/static/chunks/de9cc3fa828c288a.js:3:68953
    at https://cdn.grok.com/_next/static/chunks/40dd35e945106d9d.js:3:8392
    at Object.push (https://cdn.grok.com/_next/static/chunks/de9cc3fa828c288a.js:3:68941)
    at Object.apply (https://cdn.grok.com/_next/static/chunks/22f2cc8d63f55fca.js:3:256434)
    at https://cdn.grok.com/_next/static/chunks/67c9c4b04eab760c.js:3:131403
    at l2 (https://cdn.grok.com/_next/static/chunks/22f2cc8d63f55fca.js:3:551612)
    at https://cdn.grok.com/_next/static/chunks/22f2cc8d63f55fca.js:3:557698
    at tE (https://cdn.grok.com/_next/static/chunks/22f2cc8d63f55fca.js:3:435608)
    at l9 (https://cdn.grok.com/_next/static/chunks/22f2cc8d63f55fca.js:3:552845)
    at cs (https://cdn.grok.com/_next/static/chunks/22f2cc8d63f55fca.js:3:579845)
    at ci (https://cdn.grok.com/_next/static/chunks/22f2cc8d63f55fca.js:3:579667)
    at HTMLDocument.n (https://cdn.grok.com/_next/static/chunks/22f2cc8d63f55fca.js:3:179757) @ https://cdn.grok.com/_next/static/chunks/22f2cc8d63f55fca.js:2
[   41142ms] [ERROR] Failed to load resource: net::ERR_CONNECTION_CLOSED @ https://geolocation.onetrust.com/cookieconsentpub/v1/geo/location:0
[   42847ms] [LOG] %c%s color: red; background: yellow; font-size: 24px; WARNING! @ https://www.gstatic.com/_/mss/boq-identity/_/js/k=boq-identity.AccountsSignInUi.en.obn8RLiPzB4.es5.O/am=Kd8AAAChCIQMAMb__w0AEABB1MDrWQCaQGQAAAAAAAAAAMACAAA0Ag/d=1/excm=_b,_tp,accountchooserview/ed=1/dg=0/wt=2/ujg=1/rs=AOaEmlE3oxQ2sW8p8D1thXXCp97lgMoosA/dti=1/m=_b,_tp:541
[   42848ms] [LOG] %c%s font-size: 18px; Using this console may allow attackers to impersonate you and steal your information using an attack called Self-XSS.
Do not enter or paste code that you do not understand. @ https://www.gstatic.com/_/mss/boq-identity/_/js/k=boq-identity.AccountsSignInUi.en.obn8RLiPzB4.es5.O/am=Kd8AAAChCIQMAMb__w0AEABB1MDrWQCaQGQAAAAAAAAAAMACAAA0Ag/d=1/excm=_b,_tp,accountchooserview/ed=1/dg=0/wt=2/ujg=1/rs=AOaEmlE3oxQ2sW8p8D1thXXCp97lgMoosA/dti=1/m=_b,_tp:541
[   45616ms] [LOG] %c%s color: red; background: yellow; font-size: 24px; WARNING! @ https://www.gstatic.com/_/mss/boq-identity/_/js/k=boq-identity.OAuthUi.en.et4_rnrBl6U.es5.O/am=nh8AAABQBAADAPz_vwGCqMH1DECBAAAAAAAAAAAwAABE/d=1/excm=_b,_tp,attributesview/ed=1/dg=0/wt=2/ujg=1/rs=AOaEmlHjry_dqJhpbtgSTt4ml2ZChd3TIw/dti=1/m=_b,_tp:503
[   45616ms] [LOG] %c%s font-size: 18px; Using this console may allow attackers to impersonate you and steal your information using an attack called Self-XSS.
Do not enter or paste code that you do not understand. @ https://www.gstatic.com/_/mss/boq-identity/_/js/k=boq-identity.OAuthUi.en.et4_rnrBl6U.es5.O/am=nh8AAABQBAADAPz_vwGCqMH1DECBAAAAAAAAAAAwAABE/d=1/excm=_b,_tp,attributesview/ed=1/dg=0/wt=2/ujg=1/rs=AOaEmlHjry_dqJhpbtgSTt4ml2ZChd3TIw/dti=1/m=_b,_tp:503
[   52692ms] [ERROR] Error: <svg> attribute width: Expected length, "auto". @ https://accounts.x.ai/account:0
[   52693ms] [ERROR] Error: <svg> attribute width: Expected length, "auto". @ https://accounts.x.ai/account:0
[   52693ms] [ERROR] Error: <svg> attribute width: Expected length, "auto". @ https://accounts.x.ai/account:0
[   52693ms] [ERROR] Error: <svg> attribute width: Expected length, "auto". @ https://accounts.x.ai/account:0
[   53890ms] [WARNING] Error with Permissions-Policy header: Unrecognized feature: 'pointer-lock'. @ :0
[   54204ms] [ERROR] Failed to load resource: the server responded with a status of 403 () @ https://grok.com/manifest.webmanifest:0
[   54206ms] [ERROR] Manifest fetch from https://grok.com/manifest.webmanifest failed, code 403 @ https://grok.com/:17
[   54579ms] [WARNING] react-i18next:: useTranslation: You will need to pass in an i18next instance by using initReactI18next {code: NO_I18NEXT_INSTANCE} @ https://cdn.grok.com/_next/static/chunks/22f2cc8d63f55fca.js:2
[   54690ms] [ERROR] Failed to load resource: the server responded with a status of 403 () @ https://grok.com/manifest.webmanifest:0
[   54690ms] [ERROR] Manifest fetch from https://grok.com/manifest.webmanifest failed, code 403 @ https://grok.com/:0
[   54969ms] [ERROR] Failed to load resource: net::ERR_CONNECTION_CLOSED @ https://websdk.appsflyersdk.com/?st=pba&:0
[   55078ms] [INFO] 
█░░░░░░░░░░░░░░░░░░░░░░░░░░░░░░░░░░░░░░░░▓
░                                        ░
░                                        ░
░                                 ░▒░    ░
░                ░░▒▒▒▒▒░░░     ░█░      ░
░            ░▒████████████▓░ ▒██░       ░
░          ░████▓░         ░▓███░        ░
░         ░███▒          ░▓█████░        ░
░         ███░         ░██▒  ▓███░       ░
░        ░███░       ▒█▒      ███░       ░
░         ███░     ▒░░       ▒███░       ░
░         ▒███░             ░███░        ░
░         ░███▓░         ░▒████░         ░
░         ▓█░ ░▒▓████████████░           ░
░       ▒▒░     ░░▒█████▒░░              ░
░     ▒░                                 ░
░                                        ░
░                                        ░
█░░░░░░░░░░░░░░░░░░░░░░░░░░░░░░░░░░░░░░░░▓

Curious? Join us at https://x.ai/careers @ https://cdn.grok.com/_next/static/chunks/22f2cc8d63f55fca.js:2
[   55484ms] [ERROR] Connecting to 'https://www.google.com.hk/rmkt/collect/17453864730/?random=1777553173483&cv=11&fst=1777553173483&fmt=8&bg=ffffff&guid=ON&async=1&en=gtag.config&gtm=45Pe64t0h2v9245174775z89246954284za20gzb9246954284zd9246954284xec&gcd=13r3r3r3r5l1&dma=0&tag_exp=0~115938466~115938468~117266401~117884344~118128922~118289195~118463261&u_w=1707&u_h=1067&url=https%3A%2F%2Fgrok.com%2F&ref=https%3A%2F%2Faccounts.x.ai%2F&rcb=17&frm=0&tiba=Grok&did=dYWJhMj&gdid=dYWJhMj&hn=www.googleadservices.com&npa=0&pscdl=noapi&auid=473444922.1777552780&uaa=x86&uab=64&uafvl=Google%2520Chrome%3B147.0.7727.117%7CNot.A%252FBrand%3B8.0.0.0%7CChromium%3B147.0.7727.117&uamb=0&uam=&uap=Windows&uapv=19.0.0&uaw=0&data=event%3Dgtag.config&gcp=5&ipr=y' violates the following Content Security Policy directive: "connect-src 'self' data: https://cdn.grok.com https://*.x.ai wss://*.x.ai https://*.twimg.com https://*.grok.com wss://*.grok.com https://*.grok-sandbox.com wss://*.grok-sandbox.com ws://localhost:* ws://127.0.0.1:* https://assets.grok.com https://assets.grokusercontent.com wss://code.grok.com/ws/code-client https://*.js.stripe.com https://*.stripe.com https://featureassets.org https://*.googleapis.com https://*.google.com https://*.withgoogle.com https://*.gstatic.com https://*.googletagmanager.com https://*.google-analytics.com https://*.googleadservices.com https://*.googlesyndication.com https://*.doubleclick.net https://*.microsoftonline.com https://*.live.com https://*.microsoft.com https://*.onedrive.com https://*.mixpanel.com https://*.twitter.com https://*.x.com https://analytics.tiktok.com https://sgtm-prod-985009374134.us-central1.run.app https://cdn.cookielaw.org https://cookie-cdn.cookiepro.com https://geolocation.onetrust.com https://privacyportal.onetrust.com https://*.paypal.com https://*.braintreegateway.com https://*.braintree-api.com". The action has been blocked. @ https://grok.com/:0
[   55486ms] [ERROR] Connecting to 'https://www.google.com.hk/rmkt/collect/18037926571/?random=1777553173489&cv=11&fst=1777553173489&fmt=8&bg=ffffff&guid=ON&async=1&en=gtag.config&gtm=45Pe64t0h2v9245174775z89246954284za20gzb9246954284zd9246954284xec&gcd=13r3r3r3r5l1&dma=0&tag_exp=0~115938466~115938468~117266401~117884344~118128922~118289195~118463261&u_w=1707&u_h=1067&url=https%3A%2F%2Fgrok.com%2F&ref=https%3A%2F%2Faccounts.x.ai%2F&rcb=17&frm=0&tiba=Grok&did=dYWJhMj&gdid=dYWJhMj&hn=www.googleadservices.com&npa=0&pscdl=noapi&auid=473444922.1777552780&uaa=x86&uab=64&uafvl=Google%2520Chrome%3B147.0.7727.117%7CNot.A%252FBrand%3B8.0.0.0%7CChromium%3B147.0.7727.117&uamb=0&uam=&uap=Windows&uapv=19.0.0&uaw=0&data=event%3Dgtag.config&gcp=5&ipr=y' violates the following Content Security Policy directive: "connect-src 'self' data: https://cdn.grok.com https://*.x.ai wss://*.x.ai https://*.twimg.com https://*.grok.com wss://*.grok.com https://*.grok-sandbox.com wss://*.grok-sandbox.com ws://localhost:* ws://127.0.0.1:* https://assets.grok.com https://assets.grokusercontent.com wss://code.grok.com/ws/code-client https://*.js.stripe.com https://*.stripe.com https://featureassets.org https://*.googleapis.com https://*.google.com https://*.withgoogle.com https://*.gstatic.com https://*.googletagmanager.com https://*.google-analytics.com https://*.googleadservices.com https://*.googlesyndication.com https://*.doubleclick.net https://*.microsoftonline.com https://*.live.com https://*.microsoft.com https://*.onedrive.com https://*.mixpanel.com https://*.twitter.com https://*.x.com https://analytics.tiktok.com https://sgtm-prod-985009374134.us-central1.run.app https://cdn.cookielaw.org https://cookie-cdn.cookiepro.com https://geolocation.onetrust.com https://privacyportal.onetrust.com https://*.paypal.com https://*.braintreegateway.com https://*.braintree-api.com". The action has been blocked. @ https://grok.com/:0
[  220849ms] [ERROR] Failed to load resource: net::ERR_PROXY_CONNECTION_FAILED @ https://grok.com/api/log_metric:0
