[    2054ms] [WARNING] Error with Permissions-Policy header: Unrecognized feature: 'pointer-lock'. @ :0
[    2602ms] [WARNING] react-i18next:: useTranslation: You will need to pass in an i18next instance by using initReactI18next {code: NO_I18NEXT_INSTANCE} @ https://cdn.grok.com/_next/static/chunks/22f2cc8d63f55fca.js:2
[    3180ms] [ERROR] Failed to load resource: the server responded with a status of 401 () @ https://grok.com/rest/suggestions/profile:0
[    3578ms] [ERROR] Failed to load resource: the server responded with a status of 403 () @ https://grok.com/manifest.webmanifest:0
[    3579ms] [ERROR] Manifest fetch from https://grok.com/manifest.webmanifest failed, code 403 @ https://grok.com/:0
[    4091ms] [INFO] 
█░░░░░░░░░░░░░░░░░░░░░░░░░░░░░░░░░░░░░░░░▓
░                                        ░
░                                        ░
░                                 ░▒░    ░
░                ░░▒▒▒▒▒░░░     ░█░      ░
░            ░▒████████████▓░ ▒██░       ░
░          ░████▓░         ░▓███░        ░
░         ░███▒          ░▓█████░        ░
░         ███░         ░██▒  ▓███░       ░
░        ░███░       ▒█▒      ███░       ░
░         ███░     ▒░░       ▒███░       ░
░         ▒███░             ░███░        ░
░         ░███▓░         ░▒████░         ░
░         ▓█░ ░▒▓████████████░           ░
░       ▒▒░     ░░▒█████▒░░              ░
░     ▒░                                 ░
░                                        ░
░                                        ░
█░░░░░░░░░░░░░░░░░░░░░░░░░░░░░░░░░░░░░░░░▓

Curious? Join us at https://x.ai/careers @ https://cdn.grok.com/_next/static/chunks/22f2cc8d63f55fca.js:2
[    4849ms] [ERROR] Failed to load resource: the server responded with a status of 403 () @ https://grok.com/manifest.webmanifest:0
[    4849ms] [ERROR] Manifest fetch from https://grok.com/manifest.webmanifest failed, code 403 @ https://grok.com/:0
[    5413ms] [ERROR] Failed to load resource: the server responded with a status of 403 () @ https://grok.com/manifest.webmanifest:0
[    5662ms] [ERROR] Manifest fetch from https://grok.com/manifest.webmanifest failed, code 403 @ https://grok.com/:0
[    7036ms] [ERROR] Failed to load resource: net::ERR_CONNECTION_CLOSED @ https://geolocation.onetrust.com/cookieconsentpub/v1/geo/location:0
[    7106ms] [ERROR] Failed to load resource: net::ERR_CONNECTION_ABORTED @ https://websdk.appsflyersdk.com/?st=pba&:0
[    8298ms] [ERROR] Connecting to 'https://www.google.com.hk/rmkt/collect/17453864730/?random=1777553013606&cv=11&fst=1777553013606&fmt=8&bg=ffffff&guid=ON&async=1&en=gtag.config&gtm=45Pe64t0h2v9245174775z89246954284za20gzb9246954284zd9246954284xec&gcd=13r3r3r3r5l1&dma=0&tag_exp=0~115616985~115938466~115938469~116363098~117266401~118463262&u_w=1707&u_h=1067&url=https%3A%2F%2Fgrok.com%2F&rcb=17&frm=0&tiba=Grok&did=dYWJhMj&gdid=dYWJhMj&hn=www.googleadservices.com&npa=0&pscdl=noapi&auid=473444922.1777552780&uaa=x86&uab=64&uafvl=Google%2520Chrome%3B147.0.7727.117%7CNot.A%252FBrand%3B8.0.0.0%7CChromium%3B147.0.7727.117&uamb=0&uam=&uap=Windows&uapv=19.0.0&uaw=0&data=event%3Dgtag.config%3Bevent_id%3D2fbc5b29-fbb7-422c-a826-d58203971a28&gcp=5&ipr=y' violates the following Content Security Policy directive: "connect-src 'self' data: https://cdn.grok.com https://*.x.ai wss://*.x.ai https://*.twimg.com https://*.grok.com wss://*.grok.com https://*.grok-sandbox.com wss://*.grok-sandbox.com ws://localhost:* ws://127.0.0.1:* https://assets.grok.com https://assets.grokusercontent.com wss://code.grok.com/ws/code-client https://*.js.stripe.com https://*.stripe.com https://featureassets.org https://*.googleapis.com https://*.google.com https://*.withgoogle.com https://*.gstatic.com https://*.googletagmanager.com https://*.google-analytics.com https://*.googleadservices.com https://*.googlesyndication.com https://*.doubleclick.net https://*.microsoftonline.com https://*.live.com https://*.microsoft.com https://*.onedrive.com https://*.mixpanel.com https://*.twitter.com https://*.x.com https://analytics.tiktok.com https://sgtm-prod-985009374134.us-central1.run.app https://cdn.cookielaw.org https://cookie-cdn.cookiepro.com https://geolocation.onetrust.com https://privacyportal.onetrust.com https://*.paypal.com https://*.braintreegateway.com https://*.braintree-api.com". The action has been blocked. @ https://grok.com/:0
[    8300ms] [ERROR] Connecting to 'https://www.google.com.hk/rmkt/collect/18037926571/?random=1777553013626&cv=11&fst=1777553013626&fmt=8&bg=ffffff&guid=ON&async=1&en=gtag.config&gtm=45Pe64t0h2v9245174775z89246954284za20gzb9246954284zd9246954284xec&gcd=13r3r3r3r5l1&dma=0&tag_exp=0~115616985~115938466~115938469~116363098~117266401~118463262&u_w=1707&u_h=1067&url=https%3A%2F%2Fgrok.com%2F&rcb=17&frm=0&tiba=Grok&did=dYWJhMj&gdid=dYWJhMj&hn=www.googleadservices.com&npa=0&pscdl=noapi&auid=473444922.1777552780&uaa=x86&uab=64&uafvl=Google%2520Chrome%3B147.0.7727.117%7CNot.A%252FBrand%3B8.0.0.0%7CChromium%3B147.0.7727.117&uamb=0&uam=&uap=Windows&uapv=19.0.0&uaw=0&data=event%3Dgtag.config%3Bevent_id%3D2fbc5b29-fbb7-422c-a826-d58203971a28&gcp=5&ipr=y' violates the following Content Security Policy directive: "connect-src 'self' data: https://cdn.grok.com https://*.x.ai wss://*.x.ai https://*.twimg.com https://*.grok.com wss://*.grok.com https://*.grok-sandbox.com wss://*.grok-sandbox.com ws://localhost:* ws://127.0.0.1:* https://assets.grok.com https://assets.grokusercontent.com wss://code.grok.com/ws/code-client https://*.js.stripe.com https://*.stripe.com https://featureassets.org https://*.googleapis.com https://*.google.com https://*.withgoogle.com https://*.gstatic.com https://*.googletagmanager.com https://*.google-analytics.com https://*.googleadservices.com https://*.googlesyndication.com https://*.doubleclick.net https://*.microsoftonline.com https://*.live.com https://*.microsoft.com https://*.onedrive.com https://*.mixpanel.com https://*.twitter.com https://*.x.com https://analytics.tiktok.com https://sgtm-prod-985009374134.us-central1.run.app https://cdn.cookielaw.org https://cookie-cdn.cookiepro.com https://geolocation.onetrust.com https://privacyportal.onetrust.com https://*.paypal.com https://*.braintreegateway.com https://*.braintree-api.com". The action has been blocked. @ https://grok.com/:0
[    9433ms] [ERROR] Connecting to 'https://analytics-ipv6.tiktokw.us/ipv6/enrich_ipv6' violates the following Content Security Policy directive: "connect-src 'self' data: https://cdn.grok.com https://*.x.ai wss://*.x.ai https://*.twimg.com https://*.grok.com wss://*.grok.com https://*.grok-sandbox.com wss://*.grok-sandbox.com ws://localhost:* ws://127.0.0.1:* https://assets.grok.com https://assets.grokusercontent.com wss://code.grok.com/ws/code-client https://*.js.stripe.com https://*.stripe.com https://featureassets.org https://*.googleapis.com https://*.google.com https://*.withgoogle.com https://*.gstatic.com https://*.googletagmanager.com https://*.google-analytics.com https://*.googleadservices.com https://*.googlesyndication.com https://*.doubleclick.net https://*.microsoftonline.com https://*.live.com https://*.microsoft.com https://*.onedrive.com https://*.mixpanel.com https://*.twitter.com https://*.x.com https://analytics.tiktok.com https://sgtm-prod-985009374134.us-central1.run.app https://cdn.cookielaw.org https://cookie-cdn.cookiepro.com https://geolocation.onetrust.com https://privacyportal.onetrust.com https://*.paypal.com https://*.braintreegateway.com https://*.braintree-api.com". The action has been blocked. @ https://analytics.tiktok.com/i18n/pixel/static/main.MWE0ZWQ3ZWQwMQ.js:0
[   27195ms] [ERROR] Failed to load resource: the server responded with a status of 403 () @ https://grok.com/rest/app-chat/share_links?pageSize=100&conversationId=46dad0ef-c3df-493b-a756-d8c12753f188:0
[   27198ms] [ERROR] Failed to load resource: the server responded with a status of 403 () @ https://grok.com/manifest.webmanifest:0
[   27198ms] [ERROR] Manifest fetch from https://grok.com/manifest.webmanifest failed, code 403 @ https://grok.com/c/46dad0ef-c3df-493b-a756-d8c12753f188?rid=d15c9cc8-18f5-4d3e-984f-d1ebf28f4ca5:0
[   28575ms] [ERROR] Failed to load resource: the server responded with a status of 403 () @ https://grok.com/rest/app-chat/share_links?pageSize=100&conversationId=46dad0ef-c3df-493b-a756-d8c12753f188:0
[   33656ms] [ERROR] Failed to load resource: the server responded with a status of 403 () @ https://grok.com/rest/app-chat/share_links?pageSize=100&conversationId=46dad0ef-c3df-493b-a756-d8c12753f188:0
[   38565ms] [ERROR] Failed to load resource: the server responded with a status of 403 () @ https://grok.com/rest/app-chat/share_links?pageSize=100&conversationId=46dad0ef-c3df-493b-a756-d8c12753f188:0
