[    1472ms] [WARNING] A parser-blocking, cross site (i.e. different eTLD+1) script, https://lf-security.bytegoofy.com/obj/security-secsdk/runtime-stable.js, is invoked via document.write. The network request for this script MAY be blocked by the browser in this or a future page load due to poor network connectivity. If blocked in this page load, it will be confirmed in a subsequent console message. See https://www.chromestatus.com/feature/5718547946799104 for more details. @ https://lf-security.bytegoofy.com/obj/security-secsdk/runtime-v1.0.0.js:4
[    1472ms] [WARNING] A parser-blocking, cross site (i.e. different eTLD+1) script, https://lf-security.bytegoofy.com/obj/security-secsdk/runtime-stable.js, is invoked via document.write. The network request for this script MAY be blocked by the browser in this or a future page load due to poor network connectivity. If blocked in this page load, it will be confirmed in a subsequent console message. See https://www.chromestatus.com/feature/5718547946799104 for more details. @ https://lf-security.bytegoofy.com/obj/security-secsdk/runtime-v1.0.0.js:4
[    1720ms] [WARNING] A parser-blocking, cross site (i.e. different eTLD+1) script, https://lf-security.bytegoofy.com/obj/security-secsdk/config_127.js, is invoked via document.write. The network request for this script MAY be blocked by the browser in this or a future page load due to poor network connectivity. If blocked in this page load, it will be confirmed in a subsequent console message. See https://www.chromestatus.com/feature/5718547946799104 for more details. @ https://lf-security.bytegoofy.com/obj/security-secsdk/runtime-stable.js:4
[    1721ms] [WARNING] A parser-blocking, cross site (i.e. different eTLD+1) script, https://lf-security.bytegoofy.com/obj/security-secsdk/config_127.js, is invoked via document.write. The network request for this script MAY be blocked by the browser in this or a future page load due to poor network connectivity. If blocked in this page load, it will be confirmed in a subsequent console message. See https://www.chromestatus.com/feature/5718547946799104 for more details. @ https://lf-security.bytegoofy.com/obj/security-secsdk/runtime-stable.js:4
[    1721ms] [WARNING] A parser-blocking, cross site (i.e. different eTLD+1) script, https://lf-security.bytegoofy.com/obj/security-secsdk/project_127.js, is invoked via document.write. The network request for this script MAY be blocked by the browser in this or a future page load due to poor network connectivity. If blocked in this page load, it will be confirmed in a subsequent console message. See https://www.chromestatus.com/feature/5718547946799104 for more details. @ https://lf-security.bytegoofy.com/obj/security-secsdk/runtime-stable.js:4
[    1721ms] [WARNING] A parser-blocking, cross site (i.e. different eTLD+1) script, https://lf-security.bytegoofy.com/obj/security-secsdk/strategy_127.js?v=1, is invoked via document.write. The network request for this script MAY be blocked by the browser in this or a future page load due to poor network connectivity. If blocked in this page load, it will be confirmed in a subsequent console message. See https://www.chromestatus.com/feature/5718547946799104 for more details. @ https://lf-security.bytegoofy.com/obj/security-secsdk/runtime-stable.js:4
[    2598ms] [LOG] [options] {commonOptions: Object, captchaOptions: Object, secondVerifyWebOptions: undefined} @ https://lf-fe.fqnovelstatic.com/obj/novel-fanqie-fe/toutiao/muye/js/muye_5923c0d1.js:905
[    3021ms] [ERROR] Refused to get unsafe header "x-tt-zhal" @ https://lf-fe.fqnovelstatic.com/obj/novel-fanqie-fe/toutiao/muye/js/muye_5923c0d1.js:570
[    3162ms] [ERROR] Refused to get unsafe header "x-tt-zhal" @ https://lf-fe.fqnovelstatic.com/obj/novel-fanqie-fe/toutiao/muye/js/muye_5923c0d1.js:570
[    3167ms] [ERROR] Refused to get unsafe header "x-tt-zhal" @ https://lf-fe.fqnovelstatic.com/obj/novel-fanqie-fe/toutiao/muye/js/muye_5923c0d1.js:570
[    3200ms] [LOG] %c %s color: yellow; background-color: black; [AppLog WEB SDK] [instance: muye-collector] appid: 2503, userInfo:{"user_unique_id":"7634533916884780550","user_id":"","web_id":"7634533916884780550"} @ https://lf-fe.fqnovelstatic.com/obj/novel-fanqie-fe/toutiao/muye/js/muye_5923c0d1.js:885
[    3200ms] [LOG] %c %s color: yellow; background-color: black; [AppLog WEB SDK] [instance: muye-collector] appid: 2503, sdk is ready, version type is full, version is 5.0.47, you can report now !!! @ https://lf-fe.fqnovelstatic.com/obj/novel-fanqie-fe/toutiao/muye/js/muye_5923c0d1.js:885
[    3305ms] [ERROR] Refused to get unsafe header "x-tt-zhal" @ https://lf-fe.fqnovelstatic.com/obj/novel-fanqie-fe/toutiao/muye/js/muye_5923c0d1.js:570
[    3403ms] [ERROR] Refused to get unsafe header "x-tt-zhal" @ https://lf-fe.fqnovelstatic.com/obj/novel-fanqie-fe/toutiao/muye/js/muye_5923c0d1.js:570
[    3428ms] [ERROR] Refused to get unsafe header "x-tt-zhal" @ https://lf-fe.fqnovelstatic.com/obj/novel-fanqie-fe/toutiao/muye/js/muye_5923c0d1.js:570
[    3452ms] [ERROR] Refused to get unsafe header "x-tt-zhal" @ https://lf-fe.fqnovelstatic.com/obj/novel-fanqie-fe/toutiao/muye/js/muye_5923c0d1.js:570
[    3467ms] [ERROR] Refused to get unsafe header "x-tt-zhal" @ https://lf-fe.fqnovelstatic.com/obj/novel-fanqie-fe/toutiao/muye/js/muye_5923c0d1.js:570
[    3472ms] [ERROR] Refused to get unsafe header "x-tt-zhal" @ https://lf-fe.fqnovelstatic.com/obj/novel-fanqie-fe/toutiao/muye/js/muye_5923c0d1.js:570
[    3479ms] [ERROR] Refused to get unsafe header "x-tt-zhal" @ https://lf-fe.fqnovelstatic.com/obj/novel-fanqie-fe/toutiao/muye/js/muye_5923c0d1.js:570
[    3563ms] [ERROR] Refused to get unsafe header "x-tt-zhal" @ https://lf-fe.fqnovelstatic.com/obj/novel-fanqie-fe/toutiao/muye/js/muye_5923c0d1.js:570
[    3563ms] [ERROR] Refused to get unsafe header "x-tt-zhal" @ https://lf-fe.fqnovelstatic.com/obj/novel-fanqie-fe/toutiao/muye/js/muye_5923c0d1.js:570
[    3635ms] [ERROR] Refused to get unsafe header "x-tt-zhal" @ https://lf-fe.fqnovelstatic.com/obj/novel-fanqie-fe/toutiao/muye/js/muye_5923c0d1.js:570
[    3635ms] [ERROR] Refused to get unsafe header "x-tt-zhal" @ https://lf-fe.fqnovelstatic.com/obj/novel-fanqie-fe/toutiao/muye/js/muye_5923c0d1.js:570
[    3635ms] [LOG] 本地缓存 null 远程数据 {} @ https://lf-fe.fqnovelstatic.com/obj/novel-fanqie-fe/toutiao/muye/js/muye_5923c0d1.js:851
[    3688ms] [ERROR] Refused to get unsafe header "x-tt-zhal" @ https://lf-fe.fqnovelstatic.com/obj/novel-fanqie-fe/toutiao/muye/js/muye_5923c0d1.js:570
[    3692ms] [ERROR] Refused to get unsafe header "x-tt-zhal" @ https://lf-fe.fqnovelstatic.com/obj/novel-fanqie-fe/toutiao/muye/js/muye_5923c0d1.js:570
[    3903ms] [ERROR] Refused to get unsafe header "x-tt-zhal" @ https://lf-fe.fqnovelstatic.com/obj/novel-fanqie-fe/toutiao/muye/js/muye_5923c0d1.js:570
[    4460ms] [ERROR] Refused to get unsafe header "x-tt-zhal" @ https://lf-fe.fqnovelstatic.com/obj/novel-fanqie-fe/toutiao/muye/js/muye_5923c0d1.js:570
[    5422ms] [ERROR] Refused to get unsafe header "x-tt-zhal" @ https://lf-fe.fqnovelstatic.com/obj/novel-fanqie-fe/toutiao/muye/js/muye_5923c0d1.js:570
[    6742ms] [ERROR] Refused to get unsafe header "x-tt-zhal" @ https://lf-fe.fqnovelstatic.com/obj/novel-fanqie-fe/toutiao/muye/js/muye_5923c0d1.js:570
[    7023ms] [ERROR] Refused to get unsafe header "x-tt-zhal" @ https://lf-fe.fqnovelstatic.com/obj/novel-fanqie-fe/toutiao/muye/js/muye_5923c0d1.js:570
